2021-03-07 19:08:50,226 [Worker-3: Loading available Gradle versions] INFO  o.e.b.c.i.u.g.PublishedGradleVersions - Gradle version information cache is out-of-date. Trying to update.
2021-03-07 19:15:29,610 [Worker-4: Creating project "sopaDeLetras"] INFO  o.e.m.c.i.l.LifecycleMappingFactory - Using org.eclipse.m2e.jdt.JarLifecycleMapping lifecycle mapping for MavenProject: com.p7:sopaDeLetras:0.1 @ C:\java\proyectos\sopaDeLetras\pom.xml.
2021-03-07 19:15:31,508 [Worker-4: Creating project "sopaDeLetras"] INFO  o.e.m.j.i.AbstractJavaProjectConfigurator - Adding source folder /sopaDeLetras/src/main/java
2021-03-07 19:15:31,511 [Worker-4: Creating project "sopaDeLetras"] INFO  o.e.m.j.i.AbstractJavaProjectConfigurator - Adding resource folder /sopaDeLetras/src/main/resources
2021-03-07 19:15:31,513 [Worker-4: Creating project "sopaDeLetras"] INFO  o.e.m.j.i.AbstractJavaProjectConfigurator - Adding source folder /sopaDeLetras/src/test/java
2021-03-07 19:15:31,513 [Worker-4: Creating project "sopaDeLetras"] INFO  o.e.m.j.i.AbstractJavaProjectConfigurator - Adding resource folder /sopaDeLetras/src/test/resources
2021-03-07 19:15:34,365 [Worker-4: Building] WARN  o.e.m.c.i.embedder.EclipseLogger - Using platform encoding (Cp1252 actually) to copy filtered resources, i.e. build is platform dependent!
2021-03-07 19:15:34,382 [Worker-4: Building] INFO  o.e.m.c.i.embedder.EclipseLogger - Copying 0 resource
2021-03-07 19:15:34,388 [Worker-4: Building] WARN  o.e.m.c.i.embedder.EclipseLogger - Using platform encoding (Cp1252 actually) to copy filtered resources, i.e. build is platform dependent!
2021-03-07 19:15:34,403 [Worker-4: Building] INFO  o.e.m.c.i.embedder.EclipseLogger - Copying 0 resource
2021-03-07 19:16:55,438 [Worker-10: Building] INFO  o.e.m.c.i.l.LifecycleMappingFactory - Using org.eclipse.m2e.jdt.JarLifecycleMapping lifecycle mapping for MavenProject: com.p7:sopaDeLetras:0.1 @ C:\java\proyectos\sopaDeLetras\pom.xml.
2021-03-07 19:16:55,710 [Worker-10: Building] WARN  o.e.m.c.i.embedder.EclipseLogger - Using platform encoding (Cp1252 actually) to copy filtered resources, i.e. build is platform dependent!
2021-03-07 19:16:55,725 [Worker-10: Building] INFO  o.e.m.c.i.embedder.EclipseLogger - Copying 0 resource
2021-03-07 19:16:55,729 [Worker-10: Building] WARN  o.e.m.c.i.embedder.EclipseLogger - Using platform encoding (Cp1252 actually) to copy filtered resources, i.e. build is platform dependent!
2021-03-07 19:16:55,744 [Worker-10: Building] INFO  o.e.m.c.i.embedder.EclipseLogger - Copying 0 resource
2021-03-07 19:17:08,466 [Worker-11: Building] INFO  o.e.m.c.i.l.LifecycleMappingFactory - Using org.eclipse.m2e.jdt.JarLifecycleMapping lifecycle mapping for MavenProject: com.p7:sopaDeLetras:0.1 @ C:\java\proyectos\sopaDeLetras\pom.xml.
2021-03-07 19:17:08,714 [Worker-11: Building] WARN  o.e.m.c.i.embedder.EclipseLogger - Using platform encoding (Cp1252 actually) to copy filtered resources, i.e. build is platform dependent!
2021-03-07 19:17:08,730 [Worker-11: Building] INFO  o.e.m.c.i.embedder.EclipseLogger - Copying 0 resource
2021-03-07 19:17:08,733 [Worker-11: Building] WARN  o.e.m.c.i.embedder.EclipseLogger - Using platform encoding (Cp1252 actually) to copy filtered resources, i.e. build is platform dependent!
2021-03-07 19:17:08,746 [Worker-11: Building] INFO  o.e.m.c.i.embedder.EclipseLogger - Copying 0 resource
2021-03-07 19:21:14,216 [Worker-11: Updating Maven Project] INFO  o.e.m.c.i.p.ProjectConfigurationManager - Update started
2021-03-07 19:21:14,743 [Worker-11: Updating Maven Project] INFO  o.e.m.c.i.l.LifecycleMappingFactory - Using org.eclipse.m2e.jdt.JarLifecycleMapping lifecycle mapping for MavenProject: com.p7:sopaDeLetras:0.1 @ C:\java\proyectos\sopaDeLetras\pom.xml.
2021-03-07 19:21:14,935 [Worker-11: Updating Maven Project] INFO  o.e.m.j.i.AbstractJavaProjectConfigurator - Adding source folder /sopaDeLetras/src/main/java
2021-03-07 19:21:14,935 [Worker-11: Updating Maven Project] INFO  o.e.m.j.i.AbstractJavaProjectConfigurator - Adding resource folder /sopaDeLetras/src/main/resources
2021-03-07 19:21:14,937 [Worker-11: Updating Maven Project] INFO  o.e.m.j.i.AbstractJavaProjectConfigurator - Adding source folder /sopaDeLetras/src/test/java
2021-03-07 19:21:14,937 [Worker-11: Updating Maven Project] INFO  o.e.m.j.i.AbstractJavaProjectConfigurator - Adding resource folder /sopaDeLetras/src/test/resources
2021-03-07 19:21:15,194 [Worker-11: Updating Maven Project] INFO  o.e.m.c.i.p.ProjectConfigurationManager - Update completed: 0 sec
2021-03-07 19:21:15,332 [Worker-10: Building] WARN  o.e.m.c.i.embedder.EclipseLogger - Using platform encoding (Cp1252 actually) to copy filtered resources, i.e. build is platform dependent!
2021-03-07 19:21:15,343 [Worker-10: Building] INFO  o.e.m.c.i.embedder.EclipseLogger - Copying 0 resource
2021-03-07 19:21:15,346 [Worker-10: Building] WARN  o.e.m.c.i.embedder.EclipseLogger - Using platform encoding (Cp1252 actually) to copy filtered resources, i.e. build is platform dependent!
2021-03-07 19:21:15,356 [Worker-10: Building] INFO  o.e.m.c.i.embedder.EclipseLogger - Copying 0 resource
2021-03-07 19:40:11,460 [Worker-28: Building] WARN  o.e.m.c.i.embedder.EclipseLogger - Using platform encoding (Cp1252 actually) to copy filtered resources, i.e. build is platform dependent!
2021-03-07 19:40:11,475 [Worker-28: Building] INFO  o.e.m.c.i.embedder.EclipseLogger - Copying 0 resource
2021-03-07 19:40:11,476 [Worker-28: Building] WARN  o.e.m.c.i.embedder.EclipseLogger - Using platform encoding (Cp1252 actually) to copy filtered resources, i.e. build is platform dependent!
2021-03-07 19:40:11,487 [Worker-28: Building] INFO  o.e.m.c.i.embedder.EclipseLogger - Copying 0 resource
2021-03-07 20:07:17,976 [Worker-0: Loading available Gradle versions] INFO  o.e.b.c.i.u.g.PublishedGradleVersions - Gradle version information cache is up-to-date. Trying to read.
2021-03-07 20:15:18,768 [main] INFO  o.a.d.a.l.c.o.DefaultLdapCodecService - MSG_06000_REGISTERED_CONTROL_FACTORY (1.3.6.1.4.1.18060.0.0.1)
2021-03-07 20:15:18,770 [main] INFO  o.a.d.a.l.c.o.DefaultLdapCodecService - MSG_06000_REGISTERED_CONTROL_FACTORY (2.16.840.1.113730.3.4.7)
2021-03-07 20:15:18,771 [main] INFO  o.a.d.a.l.c.o.DefaultLdapCodecService - MSG_06000_REGISTERED_CONTROL_FACTORY (2.16.840.1.113730.3.4.2)
2021-03-07 20:15:18,772 [main] INFO  o.a.d.a.l.c.o.DefaultLdapCodecService - MSG_06000_REGISTERED_CONTROL_FACTORY (1.2.840.113556.1.4.319)
2021-03-07 20:15:18,774 [main] INFO  o.a.d.a.l.c.o.DefaultLdapCodecService - MSG_06000_REGISTERED_CONTROL_FACTORY (2.16.840.1.113730.3.4.3)
2021-03-07 20:15:18,776 [main] INFO  o.a.d.a.l.c.o.DefaultLdapCodecService - MSG_06000_REGISTERED_CONTROL_FACTORY (2.16.840.1.113730.3.4.18)
2021-03-07 20:15:18,777 [main] INFO  o.a.d.a.l.c.o.DefaultLdapCodecService - MSG_06000_REGISTERED_CONTROL_FACTORY (1.2.840.113556.1.4.473)
2021-03-07 20:15:18,778 [main] INFO  o.a.d.a.l.c.o.DefaultLdapCodecService - MSG_06000_REGISTERED_CONTROL_FACTORY (1.2.840.113556.1.4.474)
2021-03-07 20:15:18,779 [main] INFO  o.a.d.a.l.c.o.DefaultLdapCodecService - MSG_06000_REGISTERED_CONTROL_FACTORY (1.3.6.1.4.1.4203.1.10.1)
2021-03-07 20:15:18,783 [main] INFO  o.a.d.a.l.c.StockCodecFactoryUtil - MSG_06000_REGISTERED_CONTROL_FACTORY (1.3.6.1.4.1.18060.0.0.1)
2021-03-07 20:15:18,783 [main] INFO  o.a.d.a.l.c.StockCodecFactoryUtil - MSG_06000_REGISTERED_CONTROL_FACTORY (2.16.840.1.113730.3.4.7)
2021-03-07 20:15:18,783 [main] INFO  o.a.d.a.l.c.StockCodecFactoryUtil - MSG_06000_REGISTERED_CONTROL_FACTORY (2.16.840.1.113730.3.4.2)
2021-03-07 20:15:18,783 [main] INFO  o.a.d.a.l.c.StockCodecFactoryUtil - MSG_06000_REGISTERED_CONTROL_FACTORY (1.2.840.113556.1.4.319)
2021-03-07 20:15:18,783 [main] INFO  o.a.d.a.l.c.StockCodecFactoryUtil - MSG_06000_REGISTERED_CONTROL_FACTORY (2.16.840.1.113730.3.4.3)
2021-03-07 20:15:18,783 [main] INFO  o.a.d.a.l.c.StockCodecFactoryUtil - MSG_06000_REGISTERED_CONTROL_FACTORY (2.16.840.1.113730.3.4.18)
2021-03-07 20:15:18,784 [main] INFO  o.a.d.a.l.c.StockCodecFactoryUtil - MSG_06000_REGISTERED_CONTROL_FACTORY (1.2.840.113556.1.4.473)
2021-03-07 20:15:18,784 [main] INFO  o.a.d.a.l.c.StockCodecFactoryUtil - MSG_06000_REGISTERED_CONTROL_FACTORY (1.2.840.113556.1.4.474)
2021-03-07 20:15:18,784 [main] INFO  o.a.d.a.l.c.StockCodecFactoryUtil - MSG_06000_REGISTERED_CONTROL_FACTORY (1.3.6.1.4.1.4203.1.10.1)
2021-03-07 20:15:18,786 [main] INFO  o.a.d.a.l.e.ExtrasCodecFactoryUtil - MSG_06000_REGISTERED_CONTROL_FACTORY (1.2.840.113556.1.4.841)
2021-03-07 20:15:18,787 [main] INFO  o.a.d.a.l.e.ExtrasCodecFactoryUtil - MSG_06000_REGISTERED_CONTROL_FACTORY (1.2.840.113556.1.4.841)
2021-03-07 20:15:18,788 [main] INFO  o.a.d.a.l.e.ExtrasCodecFactoryUtil - MSG_06000_REGISTERED_CONTROL_FACTORY (1.2.840.113556.1.4.2239)
2021-03-07 20:15:18,790 [main] INFO  o.a.d.a.l.e.ExtrasCodecFactoryUtil - MSG_06000_REGISTERED_CONTROL_FACTORY (1.2.840.113556.1.4.417)
2021-03-07 20:15:18,790 [main] INFO  o.a.d.a.l.e.ExtrasCodecFactoryUtil - MSG_06000_REGISTERED_CONTROL_FACTORY (1.2.840.113556.1.4.528)
2021-03-07 20:15:18,791 [main] INFO  o.a.d.a.l.e.ExtrasCodecFactoryUtil - MSG_06000_REGISTERED_CONTROL_FACTORY (2.16.840.1.113730.3.4.4)
2021-03-07 20:15:18,792 [main] INFO  o.a.d.a.l.e.ExtrasCodecFactoryUtil - MSG_06000_REGISTERED_CONTROL_FACTORY (1.3.6.1.4.1.42.2.27.8.5.1)
2021-03-07 20:15:18,793 [main] INFO  o.a.d.a.l.e.ExtrasCodecFactoryUtil - MSG_06000_REGISTERED_CONTROL_FACTORY (1.3.6.1.4.1.42.2.27.8.5.1)
2021-03-07 20:15:18,794 [main] INFO  o.a.d.a.l.e.ExtrasCodecFactoryUtil - MSG_06000_REGISTERED_CONTROL_FACTORY (1.2.840.113556.1.4.1413)
2021-03-07 20:15:18,794 [main] INFO  o.a.d.a.l.e.ExtrasCodecFactoryUtil - MSG_06000_REGISTERED_CONTROL_FACTORY (1.3.6.1.4.1.4203.1.9.1.3)
2021-03-07 20:15:18,795 [main] INFO  o.a.d.a.l.e.ExtrasCodecFactoryUtil - MSG_06000_REGISTERED_CONTROL_FACTORY (1.3.6.1.4.1.4203.1.9.1.1)
2021-03-07 20:15:18,796 [main] INFO  o.a.d.a.l.e.ExtrasCodecFactoryUtil - MSG_06000_REGISTERED_CONTROL_FACTORY (1.3.6.1.4.1.4203.1.9.1.2)
2021-03-07 20:15:18,796 [main] INFO  o.a.d.a.l.e.ExtrasCodecFactoryUtil - MSG_06000_REGISTERED_CONTROL_FACTORY (1.3.6.1.1.21.2)
2021-03-07 20:15:18,797 [main] INFO  o.a.d.a.l.e.ExtrasCodecFactoryUtil - MSG_06000_REGISTERED_CONTROL_FACTORY (2.16.840.1.113730.3.4.9)
2021-03-07 20:15:18,798 [main] INFO  o.a.d.a.l.e.ExtrasCodecFactoryUtil - MSG_06000_REGISTERED_CONTROL_FACTORY (2.16.840.1.113730.3.4.10)
2021-03-07 20:15:18,799 [main] INFO  o.a.d.a.l.e.ExtrasCodecFactoryUtil - MSG_06001_REGISTERED_EXTENDED_OP_FACTORY (1.3.6.1.1.8)
2021-03-07 20:15:18,800 [main] INFO  o.a.d.a.l.e.ExtrasCodecFactoryUtil - MSG_06001_REGISTERED_EXTENDED_OP_FACTORY (1.3.6.1.4.1.18060.0.1.8)
2021-03-07 20:15:18,801 [main] INFO  o.a.d.a.l.e.ExtrasCodecFactoryUtil - MSG_06001_REGISTERED_EXTENDED_OP_FACTORY (1.3.6.1.1.21.3)
2021-03-07 20:15:18,802 [main] INFO  o.a.d.a.l.e.ExtrasCodecFactoryUtil - MSG_06001_REGISTERED_EXTENDED_OP_FACTORY (1.3.6.1.4.1.18060.0.1.5)
2021-03-07 20:15:18,803 [main] INFO  o.a.d.a.l.e.ExtrasCodecFactoryUtil - MSG_06001_REGISTERED_EXTENDED_OP_FACTORY (1.3.6.1.4.1.18060.0.1.3)
2021-03-07 20:15:18,803 [main] INFO  o.a.d.a.l.e.ExtrasCodecFactoryUtil - MSG_06001_REGISTERED_EXTENDED_OP_FACTORY (1.3.6.1.4.1.1466.20036)
2021-03-07 20:15:18,805 [main] INFO  o.a.d.a.l.e.ExtrasCodecFactoryUtil - MSG_06001_REGISTERED_EXTENDED_OP_FACTORY (1.3.6.1.4.1.4203.1.11.1)
2021-03-07 20:15:18,806 [main] INFO  o.a.d.a.l.e.ExtrasCodecFactoryUtil - MSG_06001_REGISTERED_EXTENDED_OP_FACTORY (1.3.6.1.4.1.1466.20037)
2021-03-07 20:15:18,807 [main] INFO  o.a.d.a.l.e.ExtrasCodecFactoryUtil - MSG_06001_REGISTERED_EXTENDED_OP_FACTORY (1.3.6.1.1.21.1)
2021-03-07 20:15:18,808 [main] INFO  o.a.d.a.l.e.ExtrasCodecFactoryUtil - MSG_06001_REGISTERED_EXTENDED_OP_FACTORY (1.3.6.1.4.1.18060.0.1.6)
2021-03-07 20:15:18,810 [main] INFO  o.a.d.a.l.e.ExtrasCodecFactoryUtil - MSG_06001_REGISTERED_EXTENDED_OP_FACTORY (1.3.6.1.4.1.4203.1.11.3)
2021-03-07 20:15:18,811 [main] INFO  o.a.d.a.l.e.ExtrasCodecFactoryUtil - MSG_06002_REGISTERED_INTERMEDIATE_FACTORY (1.3.6.1.4.1.4203.1.9.1.4)
2021-03-07 20:51:39,783 [ModalContext] INFO  o.a.d.a.ldap.model.ldif.LdifReader - MSG_13413_NO_VERSION_ASSUMING_1 ()
2021-03-07 20:51:39,804 [ModalContext] INFO  o.a.d.a.l.s.m.i.DefaultSchemaManager - MSG_16015_LOADING_ENABLED_SCHEMA (system,	Schema Name: system
		Disabled: false
		Owner: uid=admin,ou=system
		Dependencies: []
		SchemaLoader : JarLdifSchemaLoader)
2021-03-07 20:51:40,008 [ModalContext] INFO  o.a.d.a.l.s.m.i.DefaultSchemaManager - MSG_16015_LOADING_ENABLED_SCHEMA (core,	Schema Name: core
		Disabled: false
		Owner: uid=admin,ou=system
		Dependencies: [system]
		SchemaLoader : JarLdifSchemaLoader)
2021-03-07 20:51:40,031 [ModalContext] INFO  o.a.d.a.l.s.m.i.DefaultSchemaManager - MSG_16015_LOADING_ENABLED_SCHEMA (apache,	Schema Name: apache
		Disabled: false
		Owner: uid=admin,ou=system
		Dependencies: [core, system]
		SchemaLoader : JarLdifSchemaLoader)
2021-03-07 20:51:40,063 [ModalContext] INFO  o.a.d.a.l.s.m.i.DefaultSchemaManager - MSG_16015_LOADING_ENABLED_SCHEMA (adsconfig,	Schema Name: adsconfig
		Disabled: false
		Owner: uid=admin,ou=system
		Dependencies: [core, apache, system]
		SchemaLoader : JarLdifSchemaLoader)
2021-03-07 20:51:40,067 [ModalContext] INFO  o.a.d.a.ldap.model.ldif.LdifReader - MSG_13413_NO_VERSION_ASSUMING_1 ()
2021-03-07 20:51:40,075 [ModalContext] INFO  o.a.d.a.ldap.model.ldif.LdifReader - MSG_13413_NO_VERSION_ASSUMING_1 ()
2021-03-07 20:51:40,078 [ModalContext] INFO  o.a.d.a.ldap.model.ldif.LdifReader - MSG_13413_NO_VERSION_ASSUMING_1 ()
2021-03-07 20:51:40,080 [ModalContext] INFO  o.a.d.a.ldap.model.ldif.LdifReader - MSG_13413_NO_VERSION_ASSUMING_1 ()
2021-03-07 20:51:40,081 [ModalContext] INFO  o.a.d.a.ldap.model.ldif.LdifReader - MSG_13413_NO_VERSION_ASSUMING_1 ()
2021-03-07 20:51:40,082 [ModalContext] INFO  o.a.d.a.ldap.model.ldif.LdifReader - MSG_13413_NO_VERSION_ASSUMING_1 ()
2021-03-07 20:51:40,085 [ModalContext] INFO  o.a.d.a.ldap.model.ldif.LdifReader - MSG_13413_NO_VERSION_ASSUMING_1 ()
2021-03-07 20:51:40,087 [ModalContext] INFO  o.a.d.a.ldap.model.ldif.LdifReader - MSG_13413_NO_VERSION_ASSUMING_1 ()
2021-03-07 20:51:40,090 [ModalContext] INFO  o.a.d.a.ldap.model.ldif.LdifReader - MSG_13413_NO_VERSION_ASSUMING_1 ()
2021-03-07 20:51:40,096 [ModalContext] INFO  o.a.d.a.ldap.model.ldif.LdifReader - MSG_13413_NO_VERSION_ASSUMING_1 ()
2021-03-07 20:51:40,110 [ModalContext] INFO  o.a.d.a.ldap.model.ldif.LdifReader - MSG_13413_NO_VERSION_ASSUMING_1 ()
2021-03-07 20:51:40,171 [ModalContext] INFO  o.a.d.s.config.LdifConfigExtractor - successfully extracted the config file C:\java\proyectos\.metadata\.plugins\org.apache.directory.studio.ldapservers\servers\dbcae3b1-b1d5-4a9b-8d67-997d8ef9f33a\conf\config.ldif
2021-03-07 20:51:40,173 [ModalContext] INFO  o.a.d.s.c.ConfigPartitionInitializer - Creating default configuration
2021-03-07 20:51:40,209 [ModalContext] INFO  o.a.d.s.c.p.ldif.LdifPartition - ldif file doesn't exist C:\java\proyectos\.metadata\.plugins\org.apache.directory.studio.ldapservers\servers\dbcae3b1-b1d5-4a9b-8d67-997d8ef9f33a\conf\ou=config.ldif, creating it.
2021-03-07 20:51:47,733 [main] INFO  o.a.d.a.ldap.model.ldif.LdifReader - MSG_13413_NO_VERSION_ASSUMING_1 ()
2021-03-07 20:51:47,737 [main] INFO  o.a.d.a.ldap.model.ldif.LdifReader - MSG_13413_NO_VERSION_ASSUMING_1 ()
2021-03-07 20:51:47,740 [main] INFO  o.a.d.a.ldap.model.ldif.LdifReader - MSG_13413_NO_VERSION_ASSUMING_1 ()
2021-03-07 20:51:47,743 [main] INFO  o.a.d.a.ldap.model.ldif.LdifReader - MSG_13413_NO_VERSION_ASSUMING_1 ()
2021-03-07 20:51:47,744 [main] INFO  o.a.d.a.ldap.model.ldif.LdifReader - MSG_13413_NO_VERSION_ASSUMING_1 ()
2021-03-07 20:51:47,746 [main] INFO  o.a.d.a.ldap.model.ldif.LdifReader - MSG_13413_NO_VERSION_ASSUMING_1 ()
2021-03-07 20:51:47,747 [main] INFO  o.a.d.a.ldap.model.ldif.LdifReader - MSG_13413_NO_VERSION_ASSUMING_1 ()
2021-03-07 20:51:47,750 [main] INFO  o.a.d.a.ldap.model.ldif.LdifReader - MSG_13413_NO_VERSION_ASSUMING_1 ()
2021-03-07 20:51:47,752 [main] INFO  o.a.d.a.ldap.model.ldif.LdifReader - MSG_13413_NO_VERSION_ASSUMING_1 ()
2021-03-07 20:51:47,753 [main] INFO  o.a.d.a.ldap.model.ldif.LdifReader - MSG_13413_NO_VERSION_ASSUMING_1 ()
2021-03-07 20:51:47,755 [main] INFO  o.a.d.a.ldap.model.ldif.LdifReader - MSG_13413_NO_VERSION_ASSUMING_1 ()
2021-03-07 20:51:47,757 [main] INFO  o.a.d.a.ldap.model.ldif.LdifReader - MSG_13413_NO_VERSION_ASSUMING_1 ()
2021-03-07 20:51:47,759 [main] INFO  o.a.d.a.ldap.model.ldif.LdifReader - MSG_13413_NO_VERSION_ASSUMING_1 ()
2021-03-07 20:51:47,761 [main] INFO  o.a.d.a.ldap.model.ldif.LdifReader - MSG_13413_NO_VERSION_ASSUMING_1 ()
2021-03-07 20:51:47,762 [main] INFO  o.a.d.a.ldap.model.ldif.LdifReader - MSG_13413_NO_VERSION_ASSUMING_1 ()
2021-03-07 20:51:47,764 [main] INFO  o.a.d.a.ldap.model.ldif.LdifReader - MSG_13413_NO_VERSION_ASSUMING_1 ()
2021-03-07 20:51:47,765 [main] INFO  o.a.d.a.ldap.model.ldif.LdifReader - MSG_13413_NO_VERSION_ASSUMING_1 ()
2021-03-07 20:51:47,767 [main] INFO  o.a.d.a.ldap.model.ldif.LdifReader - MSG_13413_NO_VERSION_ASSUMING_1 ()
2021-03-07 20:51:47,769 [main] INFO  o.a.d.a.ldap.model.ldif.LdifReader - MSG_13413_NO_VERSION_ASSUMING_1 ()
2021-03-07 20:51:47,770 [main] INFO  o.a.d.a.ldap.model.ldif.LdifReader - MSG_13413_NO_VERSION_ASSUMING_1 ()
2021-03-07 20:51:47,772 [main] INFO  o.a.d.a.ldap.model.ldif.LdifReader - MSG_13413_NO_VERSION_ASSUMING_1 ()
2021-03-07 20:51:47,773 [main] INFO  o.a.d.a.ldap.model.ldif.LdifReader - MSG_13413_NO_VERSION_ASSUMING_1 ()
2021-03-07 20:51:47,776 [main] INFO  o.a.d.a.ldap.model.ldif.LdifReader - MSG_13413_NO_VERSION_ASSUMING_1 ()
2021-03-07 20:51:47,778 [main] INFO  o.a.d.a.ldap.model.ldif.LdifReader - MSG_13413_NO_VERSION_ASSUMING_1 ()
2021-03-07 20:51:47,788 [main] INFO  o.a.d.a.ldap.model.ldif.LdifReader - MSG_13413_NO_VERSION_ASSUMING_1 ()
2021-03-07 20:51:47,789 [main] INFO  o.a.d.a.ldap.model.ldif.LdifReader - MSG_13413_NO_VERSION_ASSUMING_1 ()
2021-03-07 20:51:47,793 [main] INFO  o.a.d.a.ldap.model.ldif.LdifReader - MSG_13413_NO_VERSION_ASSUMING_1 ()
2021-03-07 20:51:47,796 [main] INFO  o.a.d.a.ldap.model.ldif.LdifReader - MSG_13413_NO_VERSION_ASSUMING_1 ()
2021-03-07 20:51:47,798 [main] INFO  o.a.d.a.ldap.model.ldif.LdifReader - MSG_13413_NO_VERSION_ASSUMING_1 ()
2021-03-07 20:51:47,801 [main] INFO  o.a.d.a.ldap.model.ldif.LdifReader - MSG_13413_NO_VERSION_ASSUMING_1 ()
2021-03-07 20:51:47,805 [main] INFO  o.a.d.a.ldap.model.ldif.LdifReader - MSG_13413_NO_VERSION_ASSUMING_1 ()
2021-03-07 20:51:47,809 [main] INFO  o.a.d.a.ldap.model.ldif.LdifReader - MSG_13413_NO_VERSION_ASSUMING_1 ()
2021-03-07 20:51:47,812 [main] INFO  o.a.d.a.ldap.model.ldif.LdifReader - MSG_13413_NO_VERSION_ASSUMING_1 ()
2021-03-07 20:51:47,815 [main] INFO  o.a.d.a.ldap.model.ldif.LdifReader - MSG_13413_NO_VERSION_ASSUMING_1 ()
2021-03-07 20:51:47,819 [main] INFO  o.a.d.a.ldap.model.ldif.LdifReader - MSG_13413_NO_VERSION_ASSUMING_1 ()
2021-03-07 20:51:47,821 [main] INFO  o.a.d.a.ldap.model.ldif.LdifReader - MSG_13413_NO_VERSION_ASSUMING_1 ()
2021-03-07 20:51:47,824 [main] INFO  o.a.d.a.ldap.model.ldif.LdifReader - MSG_13413_NO_VERSION_ASSUMING_1 ()
2021-03-07 20:51:47,827 [main] INFO  o.a.d.a.ldap.model.ldif.LdifReader - MSG_13413_NO_VERSION_ASSUMING_1 ()
2021-03-07 20:51:47,829 [main] INFO  o.a.d.a.ldap.model.ldif.LdifReader - MSG_13413_NO_VERSION_ASSUMING_1 ()
2021-03-07 20:51:47,831 [main] INFO  o.a.d.a.ldap.model.ldif.LdifReader - MSG_13413_NO_VERSION_ASSUMING_1 ()
2021-03-07 20:51:47,834 [main] INFO  o.a.d.a.ldap.model.ldif.LdifReader - MSG_13413_NO_VERSION_ASSUMING_1 ()
2021-03-07 20:51:47,836 [main] INFO  o.a.d.a.ldap.model.ldif.LdifReader - MSG_13413_NO_VERSION_ASSUMING_1 ()
2021-03-07 20:51:47,838 [main] INFO  o.a.d.a.ldap.model.ldif.LdifReader - MSG_13413_NO_VERSION_ASSUMING_1 ()
2021-03-07 20:51:47,841 [main] INFO  o.a.d.a.ldap.model.ldif.LdifReader - MSG_13413_NO_VERSION_ASSUMING_1 ()
2021-03-07 20:51:47,843 [main] INFO  o.a.d.a.ldap.model.ldif.LdifReader - MSG_13413_NO_VERSION_ASSUMING_1 ()
2021-03-07 20:51:47,846 [main] INFO  o.a.d.a.ldap.model.ldif.LdifReader - MSG_13413_NO_VERSION_ASSUMING_1 ()
2021-03-07 20:51:47,851 [main] INFO  o.a.d.a.ldap.model.ldif.LdifReader - MSG_13413_NO_VERSION_ASSUMING_1 ()
2021-03-07 20:51:47,855 [main] INFO  o.a.d.a.ldap.model.ldif.LdifReader - MSG_13413_NO_VERSION_ASSUMING_1 ()
2021-03-07 20:51:47,859 [main] INFO  o.a.d.a.ldap.model.ldif.LdifReader - MSG_13413_NO_VERSION_ASSUMING_1 ()
2021-03-07 20:51:47,861 [main] INFO  o.a.d.a.ldap.model.ldif.LdifReader - MSG_13413_NO_VERSION_ASSUMING_1 ()
2021-03-07 20:51:47,864 [main] INFO  o.a.d.a.ldap.model.ldif.LdifReader - MSG_13413_NO_VERSION_ASSUMING_1 ()
2021-03-07 20:51:47,867 [main] INFO  o.a.d.a.ldap.model.ldif.LdifReader - MSG_13413_NO_VERSION_ASSUMING_1 ()
2021-03-07 20:51:47,871 [main] INFO  o.a.d.a.ldap.model.ldif.LdifReader - MSG_13413_NO_VERSION_ASSUMING_1 ()
2021-03-07 20:51:47,873 [main] INFO  o.a.d.a.ldap.model.ldif.LdifReader - MSG_13413_NO_VERSION_ASSUMING_1 ()
2021-03-07 20:51:47,876 [main] INFO  o.a.d.a.ldap.model.ldif.LdifReader - MSG_13413_NO_VERSION_ASSUMING_1 ()
2021-03-07 20:51:47,879 [main] INFO  o.a.d.a.ldap.model.ldif.LdifReader - MSG_13413_NO_VERSION_ASSUMING_1 ()
2021-03-07 20:51:47,881 [main] INFO  o.a.d.a.ldap.model.ldif.LdifReader - MSG_13413_NO_VERSION_ASSUMING_1 ()
2021-03-07 20:51:47,885 [main] INFO  o.a.d.a.ldap.model.ldif.LdifReader - MSG_13413_NO_VERSION_ASSUMING_1 ()
2021-03-07 20:51:47,887 [main] INFO  o.a.d.a.ldap.model.ldif.LdifReader - MSG_13413_NO_VERSION_ASSUMING_1 ()
2021-03-07 20:51:47,890 [main] INFO  o.a.d.a.ldap.model.ldif.LdifReader - MSG_13413_NO_VERSION_ASSUMING_1 ()
2021-03-07 20:51:47,893 [main] INFO  o.a.d.a.ldap.model.ldif.LdifReader - MSG_13413_NO_VERSION_ASSUMING_1 ()
2021-03-07 20:51:47,897 [main] INFO  o.a.d.a.ldap.model.ldif.LdifReader - MSG_13413_NO_VERSION_ASSUMING_1 ()
2021-03-07 20:51:47,900 [main] INFO  o.a.d.a.ldap.model.ldif.LdifReader - MSG_13413_NO_VERSION_ASSUMING_1 ()
2021-03-07 20:51:47,902 [main] INFO  o.a.d.a.ldap.model.ldif.LdifReader - MSG_13413_NO_VERSION_ASSUMING_1 ()
2021-03-07 20:51:47,905 [main] INFO  o.a.d.a.ldap.model.ldif.LdifReader - MSG_13413_NO_VERSION_ASSUMING_1 ()
2021-03-07 20:51:47,907 [main] INFO  o.a.d.a.ldap.model.ldif.LdifReader - MSG_13413_NO_VERSION_ASSUMING_1 ()
2021-03-07 20:51:47,911 [main] INFO  o.a.d.a.ldap.model.ldif.LdifReader - MSG_13413_NO_VERSION_ASSUMING_1 ()
2021-03-07 20:51:47,914 [main] INFO  o.a.d.a.ldap.model.ldif.LdifReader - MSG_13413_NO_VERSION_ASSUMING_1 ()
2021-03-07 20:51:47,916 [main] INFO  o.a.d.a.ldap.model.ldif.LdifReader - MSG_13413_NO_VERSION_ASSUMING_1 ()
2021-03-07 20:51:47,920 [main] INFO  o.a.d.a.ldap.model.ldif.LdifReader - MSG_13413_NO_VERSION_ASSUMING_1 ()
2021-03-07 20:51:47,923 [main] INFO  o.a.d.a.ldap.model.ldif.LdifReader - MSG_13413_NO_VERSION_ASSUMING_1 ()
2021-03-07 20:51:47,927 [main] INFO  o.a.d.a.ldap.model.ldif.LdifReader - MSG_13413_NO_VERSION_ASSUMING_1 ()
2021-03-07 20:51:47,931 [main] INFO  o.a.d.a.ldap.model.ldif.LdifReader - MSG_13413_NO_VERSION_ASSUMING_1 ()
2021-03-07 20:51:47,933 [main] INFO  o.a.d.a.ldap.model.ldif.LdifReader - MSG_13413_NO_VERSION_ASSUMING_1 ()
2021-03-07 20:51:47,935 [main] INFO  o.a.d.a.ldap.model.ldif.LdifReader - MSG_13413_NO_VERSION_ASSUMING_1 ()
2021-03-07 20:51:47,937 [main] INFO  o.a.d.a.ldap.model.ldif.LdifReader - MSG_13413_NO_VERSION_ASSUMING_1 ()
2021-03-07 20:51:47,942 [main] INFO  o.a.d.a.ldap.model.ldif.LdifReader - MSG_13413_NO_VERSION_ASSUMING_1 ()
2021-03-07 20:51:47,944 [main] INFO  o.a.d.a.ldap.model.ldif.LdifReader - MSG_13413_NO_VERSION_ASSUMING_1 ()
2021-03-07 20:51:47,946 [main] INFO  o.a.d.a.ldap.model.ldif.LdifReader - MSG_13413_NO_VERSION_ASSUMING_1 ()
2021-03-07 20:51:47,949 [main] INFO  o.a.d.a.ldap.model.ldif.LdifReader - MSG_13413_NO_VERSION_ASSUMING_1 ()
2021-03-07 20:51:47,952 [main] INFO  o.a.d.a.ldap.model.ldif.LdifReader - MSG_13413_NO_VERSION_ASSUMING_1 ()
2021-03-07 20:51:47,954 [main] INFO  o.a.d.a.ldap.model.ldif.LdifReader - MSG_13413_NO_VERSION_ASSUMING_1 ()
2021-03-07 20:51:47,956 [main] INFO  o.a.d.a.ldap.model.ldif.LdifReader - MSG_13413_NO_VERSION_ASSUMING_1 ()
2021-03-07 20:51:47,962 [main] INFO  o.a.d.a.ldap.model.ldif.LdifReader - MSG_13413_NO_VERSION_ASSUMING_1 ()
2021-03-07 20:51:47,964 [main] INFO  o.a.d.a.ldap.model.ldif.LdifReader - MSG_13413_NO_VERSION_ASSUMING_1 ()
2021-03-07 20:51:47,966 [main] INFO  o.a.d.a.ldap.model.ldif.LdifReader - MSG_13413_NO_VERSION_ASSUMING_1 ()
2021-03-07 20:51:47,968 [main] INFO  o.a.d.a.ldap.model.ldif.LdifReader - MSG_13413_NO_VERSION_ASSUMING_1 ()
2021-03-07 20:51:47,970 [main] INFO  o.a.d.a.ldap.model.ldif.LdifReader - MSG_13413_NO_VERSION_ASSUMING_1 ()
2021-03-07 20:51:47,972 [main] INFO  o.a.d.a.ldap.model.ldif.LdifReader - MSG_13413_NO_VERSION_ASSUMING_1 ()
2021-03-07 20:51:47,975 [main] INFO  o.a.d.a.ldap.model.ldif.LdifReader - MSG_13413_NO_VERSION_ASSUMING_1 ()
2021-03-07 20:51:47,977 [main] INFO  o.a.d.a.ldap.model.ldif.LdifReader - MSG_13413_NO_VERSION_ASSUMING_1 ()
2021-03-07 20:51:48,461 [Worker-6: Start Server 'ApacheDS 2.0.0'] INFO  o.a.d.a.ldap.model.ldif.LdifReader - MSG_13413_NO_VERSION_ASSUMING_1 ()
2021-03-07 20:51:48,464 [Worker-6: Start Server 'ApacheDS 2.0.0'] INFO  o.a.d.a.ldap.model.ldif.LdifReader - MSG_13413_NO_VERSION_ASSUMING_1 ()
2021-03-07 20:51:48,467 [Worker-6: Start Server 'ApacheDS 2.0.0'] INFO  o.a.d.a.ldap.model.ldif.LdifReader - MSG_13413_NO_VERSION_ASSUMING_1 ()
2021-03-07 20:51:48,469 [Worker-6: Start Server 'ApacheDS 2.0.0'] INFO  o.a.d.a.ldap.model.ldif.LdifReader - MSG_13413_NO_VERSION_ASSUMING_1 ()
2021-03-07 20:51:48,475 [Worker-6: Start Server 'ApacheDS 2.0.0'] INFO  o.a.d.a.ldap.model.ldif.LdifReader - MSG_13413_NO_VERSION_ASSUMING_1 ()
2021-03-07 20:51:48,479 [Worker-6: Start Server 'ApacheDS 2.0.0'] INFO  o.a.d.a.ldap.model.ldif.LdifReader - MSG_13413_NO_VERSION_ASSUMING_1 ()
2021-03-07 20:51:48,480 [Worker-6: Start Server 'ApacheDS 2.0.0'] INFO  o.a.d.a.ldap.model.ldif.LdifReader - MSG_13413_NO_VERSION_ASSUMING_1 ()
2021-03-07 20:51:48,486 [Worker-6: Start Server 'ApacheDS 2.0.0'] INFO  o.a.d.a.ldap.model.ldif.LdifReader - MSG_13413_NO_VERSION_ASSUMING_1 ()
2021-03-07 20:51:48,488 [Worker-6: Start Server 'ApacheDS 2.0.0'] INFO  o.a.d.a.ldap.model.ldif.LdifReader - MSG_13413_NO_VERSION_ASSUMING_1 ()
2021-03-07 20:51:48,490 [Worker-6: Start Server 'ApacheDS 2.0.0'] INFO  o.a.d.a.ldap.model.ldif.LdifReader - MSG_13413_NO_VERSION_ASSUMING_1 ()
2021-03-07 20:51:48,492 [Worker-6: Start Server 'ApacheDS 2.0.0'] INFO  o.a.d.a.ldap.model.ldif.LdifReader - MSG_13413_NO_VERSION_ASSUMING_1 ()
2021-03-07 20:51:48,494 [Worker-6: Start Server 'ApacheDS 2.0.0'] INFO  o.a.d.a.ldap.model.ldif.LdifReader - MSG_13413_NO_VERSION_ASSUMING_1 ()
2021-03-07 20:51:48,496 [Worker-6: Start Server 'ApacheDS 2.0.0'] INFO  o.a.d.a.ldap.model.ldif.LdifReader - MSG_13413_NO_VERSION_ASSUMING_1 ()
2021-03-07 20:51:48,498 [Worker-6: Start Server 'ApacheDS 2.0.0'] INFO  o.a.d.a.ldap.model.ldif.LdifReader - MSG_13413_NO_VERSION_ASSUMING_1 ()
2021-03-07 20:51:48,500 [Worker-6: Start Server 'ApacheDS 2.0.0'] INFO  o.a.d.a.ldap.model.ldif.LdifReader - MSG_13413_NO_VERSION_ASSUMING_1 ()
2021-03-07 20:51:48,502 [Worker-6: Start Server 'ApacheDS 2.0.0'] INFO  o.a.d.a.ldap.model.ldif.LdifReader - MSG_13413_NO_VERSION_ASSUMING_1 ()
2021-03-07 20:51:48,504 [Worker-6: Start Server 'ApacheDS 2.0.0'] INFO  o.a.d.a.ldap.model.ldif.LdifReader - MSG_13413_NO_VERSION_ASSUMING_1 ()
2021-03-07 20:51:48,506 [Worker-6: Start Server 'ApacheDS 2.0.0'] INFO  o.a.d.a.ldap.model.ldif.LdifReader - MSG_13413_NO_VERSION_ASSUMING_1 ()
2021-03-07 20:51:48,509 [Worker-6: Start Server 'ApacheDS 2.0.0'] INFO  o.a.d.a.ldap.model.ldif.LdifReader - MSG_13413_NO_VERSION_ASSUMING_1 ()
2021-03-07 20:51:48,510 [Worker-6: Start Server 'ApacheDS 2.0.0'] INFO  o.a.d.a.ldap.model.ldif.LdifReader - MSG_13413_NO_VERSION_ASSUMING_1 ()
2021-03-07 20:51:48,512 [Worker-6: Start Server 'ApacheDS 2.0.0'] INFO  o.a.d.a.ldap.model.ldif.LdifReader - MSG_13413_NO_VERSION_ASSUMING_1 ()
2021-03-07 20:51:48,514 [Worker-6: Start Server 'ApacheDS 2.0.0'] INFO  o.a.d.a.ldap.model.ldif.LdifReader - MSG_13413_NO_VERSION_ASSUMING_1 ()
2021-03-07 20:51:48,515 [Worker-6: Start Server 'ApacheDS 2.0.0'] INFO  o.a.d.a.ldap.model.ldif.LdifReader - MSG_13413_NO_VERSION_ASSUMING_1 ()
2021-03-07 20:51:48,517 [Worker-6: Start Server 'ApacheDS 2.0.0'] INFO  o.a.d.a.ldap.model.ldif.LdifReader - MSG_13413_NO_VERSION_ASSUMING_1 ()
2021-03-07 20:51:48,522 [Worker-6: Start Server 'ApacheDS 2.0.0'] INFO  o.a.d.a.ldap.model.ldif.LdifReader - MSG_13413_NO_VERSION_ASSUMING_1 ()
2021-03-07 20:51:48,524 [Worker-6: Start Server 'ApacheDS 2.0.0'] INFO  o.a.d.a.ldap.model.ldif.LdifReader - MSG_13413_NO_VERSION_ASSUMING_1 ()
2021-03-07 20:51:48,527 [Worker-6: Start Server 'ApacheDS 2.0.0'] INFO  o.a.d.a.ldap.model.ldif.LdifReader - MSG_13413_NO_VERSION_ASSUMING_1 ()
2021-03-07 20:51:48,530 [Worker-6: Start Server 'ApacheDS 2.0.0'] INFO  o.a.d.a.ldap.model.ldif.LdifReader - MSG_13413_NO_VERSION_ASSUMING_1 ()
2021-03-07 20:51:48,532 [Worker-6: Start Server 'ApacheDS 2.0.0'] INFO  o.a.d.a.ldap.model.ldif.LdifReader - MSG_13413_NO_VERSION_ASSUMING_1 ()
2021-03-07 20:51:48,535 [Worker-6: Start Server 'ApacheDS 2.0.0'] INFO  o.a.d.a.ldap.model.ldif.LdifReader - MSG_13413_NO_VERSION_ASSUMING_1 ()
2021-03-07 20:51:48,538 [Worker-6: Start Server 'ApacheDS 2.0.0'] INFO  o.a.d.a.ldap.model.ldif.LdifReader - MSG_13413_NO_VERSION_ASSUMING_1 ()
2021-03-07 20:51:48,542 [Worker-6: Start Server 'ApacheDS 2.0.0'] INFO  o.a.d.a.ldap.model.ldif.LdifReader - MSG_13413_NO_VERSION_ASSUMING_1 ()
2021-03-07 20:51:48,544 [Worker-6: Start Server 'ApacheDS 2.0.0'] INFO  o.a.d.a.ldap.model.ldif.LdifReader - MSG_13413_NO_VERSION_ASSUMING_1 ()
2021-03-07 20:51:48,547 [Worker-6: Start Server 'ApacheDS 2.0.0'] INFO  o.a.d.a.ldap.model.ldif.LdifReader - MSG_13413_NO_VERSION_ASSUMING_1 ()
2021-03-07 20:51:48,551 [Worker-6: Start Server 'ApacheDS 2.0.0'] INFO  o.a.d.a.ldap.model.ldif.LdifReader - MSG_13413_NO_VERSION_ASSUMING_1 ()
2021-03-07 20:51:48,553 [Worker-6: Start Server 'ApacheDS 2.0.0'] INFO  o.a.d.a.ldap.model.ldif.LdifReader - MSG_13413_NO_VERSION_ASSUMING_1 ()
2021-03-07 20:51:48,555 [Worker-6: Start Server 'ApacheDS 2.0.0'] INFO  o.a.d.a.ldap.model.ldif.LdifReader - MSG_13413_NO_VERSION_ASSUMING_1 ()
2021-03-07 20:51:48,558 [Worker-6: Start Server 'ApacheDS 2.0.0'] INFO  o.a.d.a.ldap.model.ldif.LdifReader - MSG_13413_NO_VERSION_ASSUMING_1 ()
2021-03-07 20:51:48,560 [Worker-6: Start Server 'ApacheDS 2.0.0'] INFO  o.a.d.a.ldap.model.ldif.LdifReader - MSG_13413_NO_VERSION_ASSUMING_1 ()
2021-03-07 20:51:48,562 [Worker-6: Start Server 'ApacheDS 2.0.0'] INFO  o.a.d.a.ldap.model.ldif.LdifReader - MSG_13413_NO_VERSION_ASSUMING_1 ()
2021-03-07 20:51:48,564 [Worker-6: Start Server 'ApacheDS 2.0.0'] INFO  o.a.d.a.ldap.model.ldif.LdifReader - MSG_13413_NO_VERSION_ASSUMING_1 ()
2021-03-07 20:51:48,566 [Worker-6: Start Server 'ApacheDS 2.0.0'] INFO  o.a.d.a.ldap.model.ldif.LdifReader - MSG_13413_NO_VERSION_ASSUMING_1 ()
2021-03-07 20:51:48,568 [Worker-6: Start Server 'ApacheDS 2.0.0'] INFO  o.a.d.a.ldap.model.ldif.LdifReader - MSG_13413_NO_VERSION_ASSUMING_1 ()
2021-03-07 20:51:48,570 [Worker-6: Start Server 'ApacheDS 2.0.0'] INFO  o.a.d.a.ldap.model.ldif.LdifReader - MSG_13413_NO_VERSION_ASSUMING_1 ()
2021-03-07 20:51:48,572 [Worker-6: Start Server 'ApacheDS 2.0.0'] INFO  o.a.d.a.ldap.model.ldif.LdifReader - MSG_13413_NO_VERSION_ASSUMING_1 ()
2021-03-07 20:51:48,575 [Worker-6: Start Server 'ApacheDS 2.0.0'] INFO  o.a.d.a.ldap.model.ldif.LdifReader - MSG_13413_NO_VERSION_ASSUMING_1 ()
2021-03-07 20:51:48,583 [Worker-6: Start Server 'ApacheDS 2.0.0'] INFO  o.a.d.a.ldap.model.ldif.LdifReader - MSG_13413_NO_VERSION_ASSUMING_1 ()
2021-03-07 20:51:48,587 [Worker-6: Start Server 'ApacheDS 2.0.0'] INFO  o.a.d.a.ldap.model.ldif.LdifReader - MSG_13413_NO_VERSION_ASSUMING_1 ()
2021-03-07 20:51:48,590 [Worker-6: Start Server 'ApacheDS 2.0.0'] INFO  o.a.d.a.ldap.model.ldif.LdifReader - MSG_13413_NO_VERSION_ASSUMING_1 ()
2021-03-07 20:51:48,592 [Worker-6: Start Server 'ApacheDS 2.0.0'] INFO  o.a.d.a.ldap.model.ldif.LdifReader - MSG_13413_NO_VERSION_ASSUMING_1 ()
2021-03-07 20:51:48,594 [Worker-6: Start Server 'ApacheDS 2.0.0'] INFO  o.a.d.a.ldap.model.ldif.LdifReader - MSG_13413_NO_VERSION_ASSUMING_1 ()
2021-03-07 20:51:48,596 [Worker-6: Start Server 'ApacheDS 2.0.0'] INFO  o.a.d.a.ldap.model.ldif.LdifReader - MSG_13413_NO_VERSION_ASSUMING_1 ()
2021-03-07 20:51:48,598 [Worker-6: Start Server 'ApacheDS 2.0.0'] INFO  o.a.d.a.ldap.model.ldif.LdifReader - MSG_13413_NO_VERSION_ASSUMING_1 ()
2021-03-07 20:51:48,600 [Worker-6: Start Server 'ApacheDS 2.0.0'] INFO  o.a.d.a.ldap.model.ldif.LdifReader - MSG_13413_NO_VERSION_ASSUMING_1 ()
2021-03-07 20:51:48,602 [Worker-6: Start Server 'ApacheDS 2.0.0'] INFO  o.a.d.a.ldap.model.ldif.LdifReader - MSG_13413_NO_VERSION_ASSUMING_1 ()
2021-03-07 20:51:48,603 [Worker-6: Start Server 'ApacheDS 2.0.0'] INFO  o.a.d.a.ldap.model.ldif.LdifReader - MSG_13413_NO_VERSION_ASSUMING_1 ()
2021-03-07 20:51:48,605 [Worker-6: Start Server 'ApacheDS 2.0.0'] INFO  o.a.d.a.ldap.model.ldif.LdifReader - MSG_13413_NO_VERSION_ASSUMING_1 ()
2021-03-07 20:51:48,611 [Worker-6: Start Server 'ApacheDS 2.0.0'] INFO  o.a.d.a.ldap.model.ldif.LdifReader - MSG_13413_NO_VERSION_ASSUMING_1 ()
2021-03-07 20:51:48,614 [Worker-6: Start Server 'ApacheDS 2.0.0'] INFO  o.a.d.a.ldap.model.ldif.LdifReader - MSG_13413_NO_VERSION_ASSUMING_1 ()
2021-03-07 20:51:48,615 [Worker-6: Start Server 'ApacheDS 2.0.0'] INFO  o.a.d.a.ldap.model.ldif.LdifReader - MSG_13413_NO_VERSION_ASSUMING_1 ()
2021-03-07 20:51:48,618 [Worker-6: Start Server 'ApacheDS 2.0.0'] INFO  o.a.d.a.ldap.model.ldif.LdifReader - MSG_13413_NO_VERSION_ASSUMING_1 ()
2021-03-07 20:51:48,621 [Worker-6: Start Server 'ApacheDS 2.0.0'] INFO  o.a.d.a.ldap.model.ldif.LdifReader - MSG_13413_NO_VERSION_ASSUMING_1 ()
2021-03-07 20:51:48,623 [Worker-6: Start Server 'ApacheDS 2.0.0'] INFO  o.a.d.a.ldap.model.ldif.LdifReader - MSG_13413_NO_VERSION_ASSUMING_1 ()
2021-03-07 20:51:48,625 [Worker-6: Start Server 'ApacheDS 2.0.0'] INFO  o.a.d.a.ldap.model.ldif.LdifReader - MSG_13413_NO_VERSION_ASSUMING_1 ()
2021-03-07 20:51:48,627 [Worker-6: Start Server 'ApacheDS 2.0.0'] INFO  o.a.d.a.ldap.model.ldif.LdifReader - MSG_13413_NO_VERSION_ASSUMING_1 ()
2021-03-07 20:51:48,629 [Worker-6: Start Server 'ApacheDS 2.0.0'] INFO  o.a.d.a.ldap.model.ldif.LdifReader - MSG_13413_NO_VERSION_ASSUMING_1 ()
2021-03-07 20:51:48,631 [Worker-6: Start Server 'ApacheDS 2.0.0'] INFO  o.a.d.a.ldap.model.ldif.LdifReader - MSG_13413_NO_VERSION_ASSUMING_1 ()
2021-03-07 20:51:48,634 [Worker-6: Start Server 'ApacheDS 2.0.0'] INFO  o.a.d.a.ldap.model.ldif.LdifReader - MSG_13413_NO_VERSION_ASSUMING_1 ()
2021-03-07 20:51:48,636 [Worker-6: Start Server 'ApacheDS 2.0.0'] INFO  o.a.d.a.ldap.model.ldif.LdifReader - MSG_13413_NO_VERSION_ASSUMING_1 ()
2021-03-07 20:51:48,639 [Worker-6: Start Server 'ApacheDS 2.0.0'] INFO  o.a.d.a.ldap.model.ldif.LdifReader - MSG_13413_NO_VERSION_ASSUMING_1 ()
2021-03-07 20:51:48,641 [Worker-6: Start Server 'ApacheDS 2.0.0'] INFO  o.a.d.a.ldap.model.ldif.LdifReader - MSG_13413_NO_VERSION_ASSUMING_1 ()
2021-03-07 20:51:48,644 [Worker-6: Start Server 'ApacheDS 2.0.0'] INFO  o.a.d.a.ldap.model.ldif.LdifReader - MSG_13413_NO_VERSION_ASSUMING_1 ()
2021-03-07 20:51:48,647 [Worker-6: Start Server 'ApacheDS 2.0.0'] INFO  o.a.d.a.ldap.model.ldif.LdifReader - MSG_13413_NO_VERSION_ASSUMING_1 ()
2021-03-07 20:51:48,649 [Worker-6: Start Server 'ApacheDS 2.0.0'] INFO  o.a.d.a.ldap.model.ldif.LdifReader - MSG_13413_NO_VERSION_ASSUMING_1 ()
2021-03-07 20:51:48,651 [Worker-6: Start Server 'ApacheDS 2.0.0'] INFO  o.a.d.a.ldap.model.ldif.LdifReader - MSG_13413_NO_VERSION_ASSUMING_1 ()
2021-03-07 20:51:48,652 [Worker-6: Start Server 'ApacheDS 2.0.0'] INFO  o.a.d.a.ldap.model.ldif.LdifReader - MSG_13413_NO_VERSION_ASSUMING_1 ()
2021-03-07 20:51:48,656 [Worker-6: Start Server 'ApacheDS 2.0.0'] INFO  o.a.d.a.ldap.model.ldif.LdifReader - MSG_13413_NO_VERSION_ASSUMING_1 ()
2021-03-07 20:51:48,658 [Worker-6: Start Server 'ApacheDS 2.0.0'] INFO  o.a.d.a.ldap.model.ldif.LdifReader - MSG_13413_NO_VERSION_ASSUMING_1 ()
2021-03-07 20:51:48,660 [Worker-6: Start Server 'ApacheDS 2.0.0'] INFO  o.a.d.a.ldap.model.ldif.LdifReader - MSG_13413_NO_VERSION_ASSUMING_1 ()
2021-03-07 20:51:48,662 [Worker-6: Start Server 'ApacheDS 2.0.0'] INFO  o.a.d.a.ldap.model.ldif.LdifReader - MSG_13413_NO_VERSION_ASSUMING_1 ()
2021-03-07 20:51:48,663 [Worker-6: Start Server 'ApacheDS 2.0.0'] INFO  o.a.d.a.ldap.model.ldif.LdifReader - MSG_13413_NO_VERSION_ASSUMING_1 ()
2021-03-07 20:51:48,665 [Worker-6: Start Server 'ApacheDS 2.0.0'] INFO  o.a.d.a.ldap.model.ldif.LdifReader - MSG_13413_NO_VERSION_ASSUMING_1 ()
2021-03-07 20:51:48,667 [Worker-6: Start Server 'ApacheDS 2.0.0'] INFO  o.a.d.a.ldap.model.ldif.LdifReader - MSG_13413_NO_VERSION_ASSUMING_1 ()
2021-03-07 20:51:48,671 [Worker-6: Start Server 'ApacheDS 2.0.0'] INFO  o.a.d.a.ldap.model.ldif.LdifReader - MSG_13413_NO_VERSION_ASSUMING_1 ()
2021-03-07 20:51:48,673 [Worker-6: Start Server 'ApacheDS 2.0.0'] INFO  o.a.d.a.ldap.model.ldif.LdifReader - MSG_13413_NO_VERSION_ASSUMING_1 ()
2021-03-07 20:51:48,674 [Worker-6: Start Server 'ApacheDS 2.0.0'] INFO  o.a.d.a.ldap.model.ldif.LdifReader - MSG_13413_NO_VERSION_ASSUMING_1 ()
2021-03-07 20:51:48,676 [Worker-6: Start Server 'ApacheDS 2.0.0'] INFO  o.a.d.a.ldap.model.ldif.LdifReader - MSG_13413_NO_VERSION_ASSUMING_1 ()
2021-03-07 20:51:48,678 [Worker-6: Start Server 'ApacheDS 2.0.0'] INFO  o.a.d.a.ldap.model.ldif.LdifReader - MSG_13413_NO_VERSION_ASSUMING_1 ()
2021-03-07 20:51:48,680 [Worker-6: Start Server 'ApacheDS 2.0.0'] INFO  o.a.d.a.ldap.model.ldif.LdifReader - MSG_13413_NO_VERSION_ASSUMING_1 ()
2021-03-07 20:51:48,694 [Worker-6: Start Server 'ApacheDS 2.0.0'] INFO  o.a.d.a.ldap.model.ldif.LdifReader - MSG_13413_NO_VERSION_ASSUMING_1 ()
2021-03-07 20:51:48,698 [Worker-6: Start Server 'ApacheDS 2.0.0'] INFO  o.a.d.a.ldap.model.ldif.LdifReader - MSG_13413_NO_VERSION_ASSUMING_1 ()
2021-03-07 20:57:29,491 [Worker-7: Load Configuration] INFO  o.a.d.a.ldap.model.ldif.LdifReader - MSG_13413_NO_VERSION_ASSUMING_1 ()
2021-03-07 20:57:29,495 [Worker-7: Load Configuration] INFO  o.a.d.a.ldap.model.ldif.LdifReader - MSG_13413_NO_VERSION_ASSUMING_1 ()
2021-03-07 20:57:29,498 [Worker-7: Load Configuration] INFO  o.a.d.a.ldap.model.ldif.LdifReader - MSG_13413_NO_VERSION_ASSUMING_1 ()
2021-03-07 20:57:29,500 [Worker-7: Load Configuration] INFO  o.a.d.a.ldap.model.ldif.LdifReader - MSG_13413_NO_VERSION_ASSUMING_1 ()
2021-03-07 20:57:29,501 [Worker-7: Load Configuration] INFO  o.a.d.a.ldap.model.ldif.LdifReader - MSG_13413_NO_VERSION_ASSUMING_1 ()
2021-03-07 20:57:29,504 [Worker-7: Load Configuration] INFO  o.a.d.a.ldap.model.ldif.LdifReader - MSG_13413_NO_VERSION_ASSUMING_1 ()
2021-03-07 20:57:29,507 [Worker-7: Load Configuration] INFO  o.a.d.a.ldap.model.ldif.LdifReader - MSG_13413_NO_VERSION_ASSUMING_1 ()
2021-03-07 20:57:29,512 [Worker-7: Load Configuration] INFO  o.a.d.a.ldap.model.ldif.LdifReader - MSG_13413_NO_VERSION_ASSUMING_1 ()
2021-03-07 20:57:29,514 [Worker-7: Load Configuration] INFO  o.a.d.a.ldap.model.ldif.LdifReader - MSG_13413_NO_VERSION_ASSUMING_1 ()
2021-03-07 20:57:29,516 [Worker-7: Load Configuration] INFO  o.a.d.a.ldap.model.ldif.LdifReader - MSG_13413_NO_VERSION_ASSUMING_1 ()
2021-03-07 20:57:29,518 [Worker-7: Load Configuration] INFO  o.a.d.a.ldap.model.ldif.LdifReader - MSG_13413_NO_VERSION_ASSUMING_1 ()
2021-03-07 20:57:29,520 [Worker-7: Load Configuration] INFO  o.a.d.a.ldap.model.ldif.LdifReader - MSG_13413_NO_VERSION_ASSUMING_1 ()
2021-03-07 20:57:29,522 [Worker-7: Load Configuration] INFO  o.a.d.a.ldap.model.ldif.LdifReader - MSG_13413_NO_VERSION_ASSUMING_1 ()
2021-03-07 20:57:29,523 [Worker-7: Load Configuration] INFO  o.a.d.a.ldap.model.ldif.LdifReader - MSG_13413_NO_VERSION_ASSUMING_1 ()
2021-03-07 20:57:29,527 [Worker-7: Load Configuration] INFO  o.a.d.a.ldap.model.ldif.LdifReader - MSG_13413_NO_VERSION_ASSUMING_1 ()
2021-03-07 20:57:29,529 [Worker-7: Load Configuration] INFO  o.a.d.a.ldap.model.ldif.LdifReader - MSG_13413_NO_VERSION_ASSUMING_1 ()
2021-03-07 20:57:29,531 [Worker-7: Load Configuration] INFO  o.a.d.a.ldap.model.ldif.LdifReader - MSG_13413_NO_VERSION_ASSUMING_1 ()
2021-03-07 20:57:29,533 [Worker-7: Load Configuration] INFO  o.a.d.a.ldap.model.ldif.LdifReader - MSG_13413_NO_VERSION_ASSUMING_1 ()
2021-03-07 20:57:29,535 [Worker-7: Load Configuration] INFO  o.a.d.a.ldap.model.ldif.LdifReader - MSG_13413_NO_VERSION_ASSUMING_1 ()
2021-03-07 20:57:29,537 [Worker-7: Load Configuration] INFO  o.a.d.a.ldap.model.ldif.LdifReader - MSG_13413_NO_VERSION_ASSUMING_1 ()
2021-03-07 20:57:29,539 [Worker-7: Load Configuration] INFO  o.a.d.a.ldap.model.ldif.LdifReader - MSG_13413_NO_VERSION_ASSUMING_1 ()
2021-03-07 20:57:29,541 [Worker-7: Load Configuration] INFO  o.a.d.a.ldap.model.ldif.LdifReader - MSG_13413_NO_VERSION_ASSUMING_1 ()
2021-03-07 20:57:29,542 [Worker-7: Load Configuration] INFO  o.a.d.a.ldap.model.ldif.LdifReader - MSG_13413_NO_VERSION_ASSUMING_1 ()
2021-03-07 20:57:29,544 [Worker-7: Load Configuration] INFO  o.a.d.a.ldap.model.ldif.LdifReader - MSG_13413_NO_VERSION_ASSUMING_1 ()
2021-03-07 20:57:29,548 [Worker-7: Load Configuration] INFO  o.a.d.a.ldap.model.ldif.LdifReader - MSG_13413_NO_VERSION_ASSUMING_1 ()
2021-03-07 20:57:29,550 [Worker-7: Load Configuration] INFO  o.a.d.a.ldap.model.ldif.LdifReader - MSG_13413_NO_VERSION_ASSUMING_1 ()
2021-03-07 20:57:29,554 [Worker-7: Load Configuration] INFO  o.a.d.a.ldap.model.ldif.LdifReader - MSG_13413_NO_VERSION_ASSUMING_1 ()
2021-03-07 20:57:29,556 [Worker-7: Load Configuration] INFO  o.a.d.a.ldap.model.ldif.LdifReader - MSG_13413_NO_VERSION_ASSUMING_1 ()
2021-03-07 20:57:29,557 [Worker-7: Load Configuration] INFO  o.a.d.a.ldap.model.ldif.LdifReader - MSG_13413_NO_VERSION_ASSUMING_1 ()
2021-03-07 20:57:29,560 [Worker-7: Load Configuration] INFO  o.a.d.a.ldap.model.ldif.LdifReader - MSG_13413_NO_VERSION_ASSUMING_1 ()
2021-03-07 20:57:29,563 [Worker-7: Load Configuration] INFO  o.a.d.a.ldap.model.ldif.LdifReader - MSG_13413_NO_VERSION_ASSUMING_1 ()
2021-03-07 20:57:29,566 [Worker-7: Load Configuration] INFO  o.a.d.a.ldap.model.ldif.LdifReader - MSG_13413_NO_VERSION_ASSUMING_1 ()
2021-03-07 20:57:29,568 [Worker-7: Load Configuration] INFO  o.a.d.a.ldap.model.ldif.LdifReader - MSG_13413_NO_VERSION_ASSUMING_1 ()
2021-03-07 20:57:29,571 [Worker-7: Load Configuration] INFO  o.a.d.a.ldap.model.ldif.LdifReader - MSG_13413_NO_VERSION_ASSUMING_1 ()
2021-03-07 20:57:29,575 [Worker-7: Load Configuration] INFO  o.a.d.a.ldap.model.ldif.LdifReader - MSG_13413_NO_VERSION_ASSUMING_1 ()
2021-03-07 20:57:29,577 [Worker-7: Load Configuration] INFO  o.a.d.a.ldap.model.ldif.LdifReader - MSG_13413_NO_VERSION_ASSUMING_1 ()
2021-03-07 20:57:29,579 [Worker-7: Load Configuration] INFO  o.a.d.a.ldap.model.ldif.LdifReader - MSG_13413_NO_VERSION_ASSUMING_1 ()
2021-03-07 20:57:29,581 [Worker-7: Load Configuration] INFO  o.a.d.a.ldap.model.ldif.LdifReader - MSG_13413_NO_VERSION_ASSUMING_1 ()
2021-03-07 20:57:29,583 [Worker-7: Load Configuration] INFO  o.a.d.a.ldap.model.ldif.LdifReader - MSG_13413_NO_VERSION_ASSUMING_1 ()
2021-03-07 20:57:29,585 [Worker-7: Load Configuration] INFO  o.a.d.a.ldap.model.ldif.LdifReader - MSG_13413_NO_VERSION_ASSUMING_1 ()
2021-03-07 20:57:29,587 [Worker-7: Load Configuration] INFO  o.a.d.a.ldap.model.ldif.LdifReader - MSG_13413_NO_VERSION_ASSUMING_1 ()
2021-03-07 20:57:29,595 [Worker-7: Load Configuration] INFO  o.a.d.a.ldap.model.ldif.LdifReader - MSG_13413_NO_VERSION_ASSUMING_1 ()
2021-03-07 20:57:29,599 [Worker-7: Load Configuration] INFO  o.a.d.a.ldap.model.ldif.LdifReader - MSG_13413_NO_VERSION_ASSUMING_1 ()
2021-03-07 20:57:29,601 [Worker-7: Load Configuration] INFO  o.a.d.a.ldap.model.ldif.LdifReader - MSG_13413_NO_VERSION_ASSUMING_1 ()
2021-03-07 20:57:29,604 [Worker-7: Load Configuration] INFO  o.a.d.a.ldap.model.ldif.LdifReader - MSG_13413_NO_VERSION_ASSUMING_1 ()
2021-03-07 20:57:29,607 [Worker-7: Load Configuration] INFO  o.a.d.a.ldap.model.ldif.LdifReader - MSG_13413_NO_VERSION_ASSUMING_1 ()
2021-03-07 20:57:29,611 [Worker-7: Load Configuration] INFO  o.a.d.a.ldap.model.ldif.LdifReader - MSG_13413_NO_VERSION_ASSUMING_1 ()
2021-03-07 20:57:29,615 [Worker-7: Load Configuration] INFO  o.a.d.a.ldap.model.ldif.LdifReader - MSG_13413_NO_VERSION_ASSUMING_1 ()
2021-03-07 20:57:29,616 [Worker-7: Load Configuration] INFO  o.a.d.a.ldap.model.ldif.LdifReader - MSG_13413_NO_VERSION_ASSUMING_1 ()
2021-03-07 20:57:29,618 [Worker-7: Load Configuration] INFO  o.a.d.a.ldap.model.ldif.LdifReader - MSG_13413_NO_VERSION_ASSUMING_1 ()
2021-03-07 20:57:29,621 [Worker-7: Load Configuration] INFO  o.a.d.a.ldap.model.ldif.LdifReader - MSG_13413_NO_VERSION_ASSUMING_1 ()
2021-03-07 20:57:29,623 [Worker-7: Load Configuration] INFO  o.a.d.a.ldap.model.ldif.LdifReader - MSG_13413_NO_VERSION_ASSUMING_1 ()
2021-03-07 20:57:29,625 [Worker-7: Load Configuration] INFO  o.a.d.a.ldap.model.ldif.LdifReader - MSG_13413_NO_VERSION_ASSUMING_1 ()
2021-03-07 20:57:29,627 [Worker-7: Load Configuration] INFO  o.a.d.a.ldap.model.ldif.LdifReader - MSG_13413_NO_VERSION_ASSUMING_1 ()
2021-03-07 20:57:29,635 [Worker-7: Load Configuration] INFO  o.a.d.a.ldap.model.ldif.LdifReader - MSG_13413_NO_VERSION_ASSUMING_1 ()
2021-03-07 20:57:29,649 [Worker-7: Load Configuration] INFO  o.a.d.a.ldap.model.ldif.LdifReader - MSG_13413_NO_VERSION_ASSUMING_1 ()
2021-03-07 20:57:29,653 [Worker-7: Load Configuration] INFO  o.a.d.a.ldap.model.ldif.LdifReader - MSG_13413_NO_VERSION_ASSUMING_1 ()
2021-03-07 20:57:29,662 [Worker-7: Load Configuration] INFO  o.a.d.a.ldap.model.ldif.LdifReader - MSG_13413_NO_VERSION_ASSUMING_1 ()
2021-03-07 20:57:29,665 [Worker-7: Load Configuration] INFO  o.a.d.a.ldap.model.ldif.LdifReader - MSG_13413_NO_VERSION_ASSUMING_1 ()
2021-03-07 20:57:29,667 [Worker-7: Load Configuration] INFO  o.a.d.a.ldap.model.ldif.LdifReader - MSG_13413_NO_VERSION_ASSUMING_1 ()
2021-03-07 20:57:29,668 [Worker-7: Load Configuration] INFO  o.a.d.a.ldap.model.ldif.LdifReader - MSG_13413_NO_VERSION_ASSUMING_1 ()
2021-03-07 20:57:29,674 [Worker-7: Load Configuration] INFO  o.a.d.a.ldap.model.ldif.LdifReader - MSG_13413_NO_VERSION_ASSUMING_1 ()
2021-03-07 20:57:29,677 [Worker-7: Load Configuration] INFO  o.a.d.a.ldap.model.ldif.LdifReader - MSG_13413_NO_VERSION_ASSUMING_1 ()
2021-03-07 20:57:29,679 [Worker-7: Load Configuration] INFO  o.a.d.a.ldap.model.ldif.LdifReader - MSG_13413_NO_VERSION_ASSUMING_1 ()
2021-03-07 20:57:29,681 [Worker-7: Load Configuration] INFO  o.a.d.a.ldap.model.ldif.LdifReader - MSG_13413_NO_VERSION_ASSUMING_1 ()
2021-03-07 20:57:29,683 [Worker-7: Load Configuration] INFO  o.a.d.a.ldap.model.ldif.LdifReader - MSG_13413_NO_VERSION_ASSUMING_1 ()
2021-03-07 20:57:29,686 [Worker-7: Load Configuration] INFO  o.a.d.a.ldap.model.ldif.LdifReader - MSG_13413_NO_VERSION_ASSUMING_1 ()
2021-03-07 20:57:29,689 [Worker-7: Load Configuration] INFO  o.a.d.a.ldap.model.ldif.LdifReader - MSG_13413_NO_VERSION_ASSUMING_1 ()
2021-03-07 20:57:29,692 [Worker-7: Load Configuration] INFO  o.a.d.a.ldap.model.ldif.LdifReader - MSG_13413_NO_VERSION_ASSUMING_1 ()
2021-03-07 20:57:29,695 [Worker-7: Load Configuration] INFO  o.a.d.a.ldap.model.ldif.LdifReader - MSG_13413_NO_VERSION_ASSUMING_1 ()
2021-03-07 20:57:29,697 [Worker-7: Load Configuration] INFO  o.a.d.a.ldap.model.ldif.LdifReader - MSG_13413_NO_VERSION_ASSUMING_1 ()
2021-03-07 20:57:29,699 [Worker-7: Load Configuration] INFO  o.a.d.a.ldap.model.ldif.LdifReader - MSG_13413_NO_VERSION_ASSUMING_1 ()
2021-03-07 20:57:29,702 [Worker-7: Load Configuration] INFO  o.a.d.a.ldap.model.ldif.LdifReader - MSG_13413_NO_VERSION_ASSUMING_1 ()
2021-03-07 20:57:29,704 [Worker-7: Load Configuration] INFO  o.a.d.a.ldap.model.ldif.LdifReader - MSG_13413_NO_VERSION_ASSUMING_1 ()
2021-03-07 20:57:29,705 [Worker-7: Load Configuration] INFO  o.a.d.a.ldap.model.ldif.LdifReader - MSG_13413_NO_VERSION_ASSUMING_1 ()
2021-03-07 20:57:29,707 [Worker-7: Load Configuration] INFO  o.a.d.a.ldap.model.ldif.LdifReader - MSG_13413_NO_VERSION_ASSUMING_1 ()
2021-03-07 20:57:29,711 [Worker-7: Load Configuration] INFO  o.a.d.a.ldap.model.ldif.LdifReader - MSG_13413_NO_VERSION_ASSUMING_1 ()
2021-03-07 20:57:29,713 [Worker-7: Load Configuration] INFO  o.a.d.a.ldap.model.ldif.LdifReader - MSG_13413_NO_VERSION_ASSUMING_1 ()
2021-03-07 20:57:29,715 [Worker-7: Load Configuration] INFO  o.a.d.a.ldap.model.ldif.LdifReader - MSG_13413_NO_VERSION_ASSUMING_1 ()
2021-03-07 20:57:29,716 [Worker-7: Load Configuration] INFO  o.a.d.a.ldap.model.ldif.LdifReader - MSG_13413_NO_VERSION_ASSUMING_1 ()
2021-03-07 20:57:29,753 [Worker-7: Load Configuration] INFO  o.a.d.a.ldap.model.ldif.LdifReader - MSG_13413_NO_VERSION_ASSUMING_1 ()
2021-03-07 20:57:29,755 [Worker-7: Load Configuration] INFO  o.a.d.a.ldap.model.ldif.LdifReader - MSG_13413_NO_VERSION_ASSUMING_1 ()
2021-03-07 20:57:29,758 [Worker-7: Load Configuration] INFO  o.a.d.a.ldap.model.ldif.LdifReader - MSG_13413_NO_VERSION_ASSUMING_1 ()
2021-03-07 20:57:29,764 [Worker-7: Load Configuration] INFO  o.a.d.a.ldap.model.ldif.LdifReader - MSG_13413_NO_VERSION_ASSUMING_1 ()
2021-03-07 20:57:29,767 [Worker-7: Load Configuration] INFO  o.a.d.a.ldap.model.ldif.LdifReader - MSG_13413_NO_VERSION_ASSUMING_1 ()
2021-03-07 20:57:29,773 [Worker-7: Load Configuration] INFO  o.a.d.a.ldap.model.ldif.LdifReader - MSG_13413_NO_VERSION_ASSUMING_1 ()
2021-03-07 20:57:29,775 [Worker-7: Load Configuration] INFO  o.a.d.a.ldap.model.ldif.LdifReader - MSG_13413_NO_VERSION_ASSUMING_1 ()
2021-03-07 20:57:29,777 [Worker-7: Load Configuration] INFO  o.a.d.a.ldap.model.ldif.LdifReader - MSG_13413_NO_VERSION_ASSUMING_1 ()
2021-03-07 20:57:29,780 [Worker-7: Load Configuration] INFO  o.a.d.a.ldap.model.ldif.LdifReader - MSG_13413_NO_VERSION_ASSUMING_1 ()
2021-03-07 20:57:29,783 [Worker-7: Load Configuration] INFO  o.a.d.a.ldap.model.ldif.LdifReader - MSG_13413_NO_VERSION_ASSUMING_1 ()
2021-03-07 20:57:29,788 [Worker-7: Load Configuration] INFO  o.a.d.a.ldap.model.ldif.LdifReader - MSG_13413_NO_VERSION_ASSUMING_1 ()
2021-03-07 20:58:35,417 [Worker-3: Load Configuration] INFO  o.a.d.a.ldap.model.ldif.LdifReader - MSG_13413_NO_VERSION_ASSUMING_1 ()
2021-03-07 20:58:35,421 [Worker-3: Load Configuration] INFO  o.a.d.a.ldap.model.ldif.LdifReader - MSG_13413_NO_VERSION_ASSUMING_1 ()
2021-03-07 20:58:35,425 [Worker-3: Load Configuration] INFO  o.a.d.a.ldap.model.ldif.LdifReader - MSG_13413_NO_VERSION_ASSUMING_1 ()
2021-03-07 20:58:35,427 [Worker-3: Load Configuration] INFO  o.a.d.a.ldap.model.ldif.LdifReader - MSG_13413_NO_VERSION_ASSUMING_1 ()
2021-03-07 20:58:35,429 [Worker-3: Load Configuration] INFO  o.a.d.a.ldap.model.ldif.LdifReader - MSG_13413_NO_VERSION_ASSUMING_1 ()
2021-03-07 20:58:35,430 [Worker-3: Load Configuration] INFO  o.a.d.a.ldap.model.ldif.LdifReader - MSG_13413_NO_VERSION_ASSUMING_1 ()
2021-03-07 20:58:35,431 [Worker-3: Load Configuration] INFO  o.a.d.a.ldap.model.ldif.LdifReader - MSG_13413_NO_VERSION_ASSUMING_1 ()
2021-03-07 20:58:35,436 [Worker-3: Load Configuration] INFO  o.a.d.a.ldap.model.ldif.LdifReader - MSG_13413_NO_VERSION_ASSUMING_1 ()
2021-03-07 20:58:35,437 [Worker-3: Load Configuration] INFO  o.a.d.a.ldap.model.ldif.LdifReader - MSG_13413_NO_VERSION_ASSUMING_1 ()
2021-03-07 20:58:35,439 [Worker-3: Load Configuration] INFO  o.a.d.a.ldap.model.ldif.LdifReader - MSG_13413_NO_VERSION_ASSUMING_1 ()
2021-03-07 20:58:35,441 [Worker-3: Load Configuration] INFO  o.a.d.a.ldap.model.ldif.LdifReader - MSG_13413_NO_VERSION_ASSUMING_1 ()
2021-03-07 20:58:35,442 [Worker-3: Load Configuration] INFO  o.a.d.a.ldap.model.ldif.LdifReader - MSG_13413_NO_VERSION_ASSUMING_1 ()
2021-03-07 20:58:35,444 [Worker-3: Load Configuration] INFO  o.a.d.a.ldap.model.ldif.LdifReader - MSG_13413_NO_VERSION_ASSUMING_1 ()
2021-03-07 20:58:35,447 [Worker-3: Load Configuration] INFO  o.a.d.a.ldap.model.ldif.LdifReader - MSG_13413_NO_VERSION_ASSUMING_1 ()
2021-03-07 20:58:35,448 [Worker-3: Load Configuration] INFO  o.a.d.a.ldap.model.ldif.LdifReader - MSG_13413_NO_VERSION_ASSUMING_1 ()
2021-03-07 20:58:35,450 [Worker-3: Load Configuration] INFO  o.a.d.a.ldap.model.ldif.LdifReader - MSG_13413_NO_VERSION_ASSUMING_1 ()
2021-03-07 20:58:35,451 [Worker-3: Load Configuration] INFO  o.a.d.a.ldap.model.ldif.LdifReader - MSG_13413_NO_VERSION_ASSUMING_1 ()
2021-03-07 20:58:35,453 [Worker-3: Load Configuration] INFO  o.a.d.a.ldap.model.ldif.LdifReader - MSG_13413_NO_VERSION_ASSUMING_1 ()
2021-03-07 20:58:35,454 [Worker-3: Load Configuration] INFO  o.a.d.a.ldap.model.ldif.LdifReader - MSG_13413_NO_VERSION_ASSUMING_1 ()
2021-03-07 20:58:35,456 [Worker-3: Load Configuration] INFO  o.a.d.a.ldap.model.ldif.LdifReader - MSG_13413_NO_VERSION_ASSUMING_1 ()
2021-03-07 20:58:35,457 [Worker-3: Load Configuration] INFO  o.a.d.a.ldap.model.ldif.LdifReader - MSG_13413_NO_VERSION_ASSUMING_1 ()
2021-03-07 20:58:35,459 [Worker-3: Load Configuration] INFO  o.a.d.a.ldap.model.ldif.LdifReader - MSG_13413_NO_VERSION_ASSUMING_1 ()
2021-03-07 20:58:35,462 [Worker-3: Load Configuration] INFO  o.a.d.a.ldap.model.ldif.LdifReader - MSG_13413_NO_VERSION_ASSUMING_1 ()
2021-03-07 20:58:35,464 [Worker-3: Load Configuration] INFO  o.a.d.a.ldap.model.ldif.LdifReader - MSG_13413_NO_VERSION_ASSUMING_1 ()
2021-03-07 20:58:35,468 [Worker-3: Load Configuration] INFO  o.a.d.a.ldap.model.ldif.LdifReader - MSG_13413_NO_VERSION_ASSUMING_1 ()
2021-03-07 20:58:35,470 [Worker-3: Load Configuration] INFO  o.a.d.a.ldap.model.ldif.LdifReader - MSG_13413_NO_VERSION_ASSUMING_1 ()
2021-03-07 20:58:35,473 [Worker-3: Load Configuration] INFO  o.a.d.a.ldap.model.ldif.LdifReader - MSG_13413_NO_VERSION_ASSUMING_1 ()
2021-03-07 20:58:35,474 [Worker-3: Load Configuration] INFO  o.a.d.a.ldap.model.ldif.LdifReader - MSG_13413_NO_VERSION_ASSUMING_1 ()
2021-03-07 20:58:35,476 [Worker-3: Load Configuration] INFO  o.a.d.a.ldap.model.ldif.LdifReader - MSG_13413_NO_VERSION_ASSUMING_1 ()
2021-03-07 20:58:35,479 [Worker-3: Load Configuration] INFO  o.a.d.a.ldap.model.ldif.LdifReader - MSG_13413_NO_VERSION_ASSUMING_1 ()
2021-03-07 20:58:35,482 [Worker-3: Load Configuration] INFO  o.a.d.a.ldap.model.ldif.LdifReader - MSG_13413_NO_VERSION_ASSUMING_1 ()
2021-03-07 20:58:35,485 [Worker-3: Load Configuration] INFO  o.a.d.a.ldap.model.ldif.LdifReader - MSG_13413_NO_VERSION_ASSUMING_1 ()
2021-03-07 20:58:35,487 [Worker-3: Load Configuration] INFO  o.a.d.a.ldap.model.ldif.LdifReader - MSG_13413_NO_VERSION_ASSUMING_1 ()
2021-03-07 20:58:35,489 [Worker-3: Load Configuration] INFO  o.a.d.a.ldap.model.ldif.LdifReader - MSG_13413_NO_VERSION_ASSUMING_1 ()
2021-03-07 20:58:35,492 [Worker-3: Load Configuration] INFO  o.a.d.a.ldap.model.ldif.LdifReader - MSG_13413_NO_VERSION_ASSUMING_1 ()
2021-03-07 20:58:35,494 [Worker-3: Load Configuration] INFO  o.a.d.a.ldap.model.ldif.LdifReader - MSG_13413_NO_VERSION_ASSUMING_1 ()
2021-03-07 20:58:35,497 [Worker-3: Load Configuration] INFO  o.a.d.a.ldap.model.ldif.LdifReader - MSG_13413_NO_VERSION_ASSUMING_1 ()
2021-03-07 20:58:35,499 [Worker-3: Load Configuration] INFO  o.a.d.a.ldap.model.ldif.LdifReader - MSG_13413_NO_VERSION_ASSUMING_1 ()
2021-03-07 20:58:35,501 [Worker-3: Load Configuration] INFO  o.a.d.a.ldap.model.ldif.LdifReader - MSG_13413_NO_VERSION_ASSUMING_1 ()
2021-03-07 20:58:35,502 [Worker-3: Load Configuration] INFO  o.a.d.a.ldap.model.ldif.LdifReader - MSG_13413_NO_VERSION_ASSUMING_1 ()
2021-03-07 20:58:35,503 [Worker-3: Load Configuration] INFO  o.a.d.a.ldap.model.ldif.LdifReader - MSG_13413_NO_VERSION_ASSUMING_1 ()
2021-03-07 20:58:35,504 [Worker-3: Load Configuration] INFO  o.a.d.a.ldap.model.ldif.LdifReader - MSG_13413_NO_VERSION_ASSUMING_1 ()
2021-03-07 20:58:35,506 [Worker-3: Load Configuration] INFO  o.a.d.a.ldap.model.ldif.LdifReader - MSG_13413_NO_VERSION_ASSUMING_1 ()
2021-03-07 20:58:35,508 [Worker-3: Load Configuration] INFO  o.a.d.a.ldap.model.ldif.LdifReader - MSG_13413_NO_VERSION_ASSUMING_1 ()
2021-03-07 20:58:35,510 [Worker-3: Load Configuration] INFO  o.a.d.a.ldap.model.ldif.LdifReader - MSG_13413_NO_VERSION_ASSUMING_1 ()
2021-03-07 20:58:35,511 [Worker-3: Load Configuration] INFO  o.a.d.a.ldap.model.ldif.LdifReader - MSG_13413_NO_VERSION_ASSUMING_1 ()
2021-03-07 20:58:35,516 [Worker-3: Load Configuration] INFO  o.a.d.a.ldap.model.ldif.LdifReader - MSG_13413_NO_VERSION_ASSUMING_1 ()
2021-03-07 20:58:35,520 [Worker-3: Load Configuration] INFO  o.a.d.a.ldap.model.ldif.LdifReader - MSG_13413_NO_VERSION_ASSUMING_1 ()
2021-03-07 20:58:35,524 [Worker-3: Load Configuration] INFO  o.a.d.a.ldap.model.ldif.LdifReader - MSG_13413_NO_VERSION_ASSUMING_1 ()
2021-03-07 20:58:35,526 [Worker-3: Load Configuration] INFO  o.a.d.a.ldap.model.ldif.LdifReader - MSG_13413_NO_VERSION_ASSUMING_1 ()
2021-03-07 20:58:35,528 [Worker-3: Load Configuration] INFO  o.a.d.a.ldap.model.ldif.LdifReader - MSG_13413_NO_VERSION_ASSUMING_1 ()
2021-03-07 20:58:35,530 [Worker-3: Load Configuration] INFO  o.a.d.a.ldap.model.ldif.LdifReader - MSG_13413_NO_VERSION_ASSUMING_1 ()
2021-03-07 20:58:35,531 [Worker-3: Load Configuration] INFO  o.a.d.a.ldap.model.ldif.LdifReader - MSG_13413_NO_VERSION_ASSUMING_1 ()
2021-03-07 20:58:35,534 [Worker-3: Load Configuration] INFO  o.a.d.a.ldap.model.ldif.LdifReader - MSG_13413_NO_VERSION_ASSUMING_1 ()
2021-03-07 20:58:35,536 [Worker-3: Load Configuration] INFO  o.a.d.a.ldap.model.ldif.LdifReader - MSG_13413_NO_VERSION_ASSUMING_1 ()
2021-03-07 20:58:35,538 [Worker-3: Load Configuration] INFO  o.a.d.a.ldap.model.ldif.LdifReader - MSG_13413_NO_VERSION_ASSUMING_1 ()
2021-03-07 20:58:35,540 [Worker-3: Load Configuration] INFO  o.a.d.a.ldap.model.ldif.LdifReader - MSG_13413_NO_VERSION_ASSUMING_1 ()
2021-03-07 20:58:35,547 [Worker-3: Load Configuration] INFO  o.a.d.a.ldap.model.ldif.LdifReader - MSG_13413_NO_VERSION_ASSUMING_1 ()
2021-03-07 20:58:35,549 [Worker-3: Load Configuration] INFO  o.a.d.a.ldap.model.ldif.LdifReader - MSG_13413_NO_VERSION_ASSUMING_1 ()
2021-03-07 20:58:35,551 [Worker-3: Load Configuration] INFO  o.a.d.a.ldap.model.ldif.LdifReader - MSG_13413_NO_VERSION_ASSUMING_1 ()
2021-03-07 20:58:35,553 [Worker-3: Load Configuration] INFO  o.a.d.a.ldap.model.ldif.LdifReader - MSG_13413_NO_VERSION_ASSUMING_1 ()
2021-03-07 20:58:35,556 [Worker-3: Load Configuration] INFO  o.a.d.a.ldap.model.ldif.LdifReader - MSG_13413_NO_VERSION_ASSUMING_1 ()
2021-03-07 20:58:35,560 [Worker-3: Load Configuration] INFO  o.a.d.a.ldap.model.ldif.LdifReader - MSG_13413_NO_VERSION_ASSUMING_1 ()
2021-03-07 20:58:35,564 [Worker-3: Load Configuration] INFO  o.a.d.a.ldap.model.ldif.LdifReader - MSG_13413_NO_VERSION_ASSUMING_1 ()
2021-03-07 20:58:35,568 [Worker-3: Load Configuration] INFO  o.a.d.a.ldap.model.ldif.LdifReader - MSG_13413_NO_VERSION_ASSUMING_1 ()
2021-03-07 20:58:35,573 [Worker-3: Load Configuration] INFO  o.a.d.a.ldap.model.ldif.LdifReader - MSG_13413_NO_VERSION_ASSUMING_1 ()
2021-03-07 20:58:35,580 [Worker-3: Load Configuration] INFO  o.a.d.a.ldap.model.ldif.LdifReader - MSG_13413_NO_VERSION_ASSUMING_1 ()
2021-03-07 20:58:35,587 [Worker-3: Load Configuration] INFO  o.a.d.a.ldap.model.ldif.LdifReader - MSG_13413_NO_VERSION_ASSUMING_1 ()
2021-03-07 20:58:35,589 [Worker-3: Load Configuration] INFO  o.a.d.a.ldap.model.ldif.LdifReader - MSG_13413_NO_VERSION_ASSUMING_1 ()
2021-03-07 20:58:35,592 [Worker-3: Load Configuration] INFO  o.a.d.a.ldap.model.ldif.LdifReader - MSG_13413_NO_VERSION_ASSUMING_1 ()
2021-03-07 20:58:35,597 [Worker-3: Load Configuration] INFO  o.a.d.a.ldap.model.ldif.LdifReader - MSG_13413_NO_VERSION_ASSUMING_1 ()
2021-03-07 20:58:35,600 [Worker-3: Load Configuration] INFO  o.a.d.a.ldap.model.ldif.LdifReader - MSG_13413_NO_VERSION_ASSUMING_1 ()
2021-03-07 20:58:35,605 [Worker-3: Load Configuration] INFO  o.a.d.a.ldap.model.ldif.LdifReader - MSG_13413_NO_VERSION_ASSUMING_1 ()
2021-03-07 20:58:35,607 [Worker-3: Load Configuration] INFO  o.a.d.a.ldap.model.ldif.LdifReader - MSG_13413_NO_VERSION_ASSUMING_1 ()
2021-03-07 20:58:35,610 [Worker-3: Load Configuration] INFO  o.a.d.a.ldap.model.ldif.LdifReader - MSG_13413_NO_VERSION_ASSUMING_1 ()
2021-03-07 20:58:35,614 [Worker-3: Load Configuration] INFO  o.a.d.a.ldap.model.ldif.LdifReader - MSG_13413_NO_VERSION_ASSUMING_1 ()
2021-03-07 20:58:35,620 [Worker-3: Load Configuration] INFO  o.a.d.a.ldap.model.ldif.LdifReader - MSG_13413_NO_VERSION_ASSUMING_1 ()
2021-03-07 20:58:35,621 [Worker-3: Load Configuration] INFO  o.a.d.a.ldap.model.ldif.LdifReader - MSG_13413_NO_VERSION_ASSUMING_1 ()
2021-03-07 20:58:35,624 [Worker-3: Load Configuration] INFO  o.a.d.a.ldap.model.ldif.LdifReader - MSG_13413_NO_VERSION_ASSUMING_1 ()
2021-03-07 20:58:35,626 [Worker-3: Load Configuration] INFO  o.a.d.a.ldap.model.ldif.LdifReader - MSG_13413_NO_VERSION_ASSUMING_1 ()
2021-03-07 20:58:35,629 [Worker-3: Load Configuration] INFO  o.a.d.a.ldap.model.ldif.LdifReader - MSG_13413_NO_VERSION_ASSUMING_1 ()
2021-03-07 20:58:35,631 [Worker-3: Load Configuration] INFO  o.a.d.a.ldap.model.ldif.LdifReader - MSG_13413_NO_VERSION_ASSUMING_1 ()
2021-03-07 20:58:35,634 [Worker-3: Load Configuration] INFO  o.a.d.a.ldap.model.ldif.LdifReader - MSG_13413_NO_VERSION_ASSUMING_1 ()
2021-03-07 20:58:35,637 [Worker-3: Load Configuration] INFO  o.a.d.a.ldap.model.ldif.LdifReader - MSG_13413_NO_VERSION_ASSUMING_1 ()
2021-03-07 20:58:35,639 [Worker-3: Load Configuration] INFO  o.a.d.a.ldap.model.ldif.LdifReader - MSG_13413_NO_VERSION_ASSUMING_1 ()
2021-03-07 20:58:35,641 [Worker-3: Load Configuration] INFO  o.a.d.a.ldap.model.ldif.LdifReader - MSG_13413_NO_VERSION_ASSUMING_1 ()
2021-03-07 20:58:35,646 [Worker-3: Load Configuration] INFO  o.a.d.a.ldap.model.ldif.LdifReader - MSG_13413_NO_VERSION_ASSUMING_1 ()
2021-03-07 20:58:35,650 [Worker-3: Load Configuration] INFO  o.a.d.a.ldap.model.ldif.LdifReader - MSG_13413_NO_VERSION_ASSUMING_1 ()
2021-03-07 20:58:35,653 [Worker-3: Load Configuration] INFO  o.a.d.a.ldap.model.ldif.LdifReader - MSG_13413_NO_VERSION_ASSUMING_1 ()
2021-03-07 20:58:35,657 [Worker-3: Load Configuration] INFO  o.a.d.a.ldap.model.ldif.LdifReader - MSG_13413_NO_VERSION_ASSUMING_1 ()
2021-03-07 20:58:35,669 [Worker-3: Load Configuration] INFO  o.a.d.a.ldap.model.ldif.LdifReader - MSG_13413_NO_VERSION_ASSUMING_1 ()
2021-03-07 21:08:55,208 [Worker-3: Loading available Gradle versions] INFO  o.e.b.c.i.u.g.PublishedGradleVersions - Gradle version information cache is up-to-date. Trying to read.
2021-03-07 21:11:00,201 [Worker-12: Building] WARN  o.e.m.c.i.embedder.EclipseLogger - Using platform encoding (Cp1252 actually) to copy filtered resources, i.e. build is platform dependent!
2021-03-07 21:11:00,226 [Worker-12: Building] INFO  o.e.m.c.i.embedder.EclipseLogger - Copying 0 resource
2021-03-07 21:11:00,234 [Worker-12: Building] WARN  o.e.m.c.i.embedder.EclipseLogger - Using platform encoding (Cp1252 actually) to copy filtered resources, i.e. build is platform dependent!
2021-03-07 21:11:00,248 [Worker-12: Building] INFO  o.e.m.c.i.embedder.EclipseLogger - Copying 0 resource
2021-03-07 21:12:26,509 [Worker-17: Building] WARN  o.e.m.c.i.embedder.EclipseLogger - Using platform encoding (Cp1252 actually) to copy filtered resources, i.e. build is platform dependent!
2021-03-07 21:12:26,524 [Worker-17: Building] INFO  o.e.m.c.i.embedder.EclipseLogger - Copying 0 resource
2021-03-07 21:12:26,527 [Worker-17: Building] WARN  o.e.m.c.i.embedder.EclipseLogger - Using platform encoding (Cp1252 actually) to copy filtered resources, i.e. build is platform dependent!
2021-03-07 21:12:26,543 [Worker-17: Building] INFO  o.e.m.c.i.embedder.EclipseLogger - Copying 0 resource
2021-03-07 21:12:45,352 [Worker-3: Building] WARN  o.e.m.c.i.embedder.EclipseLogger - Using platform encoding (Cp1252 actually) to copy filtered resources, i.e. build is platform dependent!
2021-03-07 21:12:45,364 [Worker-3: Building] INFO  o.e.m.c.i.embedder.EclipseLogger - Copying 0 resource
2021-03-07 21:12:45,368 [Worker-3: Building] WARN  o.e.m.c.i.embedder.EclipseLogger - Using platform encoding (Cp1252 actually) to copy filtered resources, i.e. build is platform dependent!
2021-03-07 21:12:45,382 [Worker-3: Building] INFO  o.e.m.c.i.embedder.EclipseLogger - Copying 0 resource
2021-03-07 21:14:25,661 [Worker-16: Building] WARN  o.e.m.c.i.embedder.EclipseLogger - Using platform encoding (Cp1252 actually) to copy filtered resources, i.e. build is platform dependent!
2021-03-07 21:14:25,675 [Worker-16: Building] INFO  o.e.m.c.i.embedder.EclipseLogger - Copying 0 resource
2021-03-07 21:14:25,678 [Worker-16: Building] WARN  o.e.m.c.i.embedder.EclipseLogger - Using platform encoding (Cp1252 actually) to copy filtered resources, i.e. build is platform dependent!
2021-03-07 21:14:25,694 [Worker-16: Building] INFO  o.e.m.c.i.embedder.EclipseLogger - Copying 0 resource
2021-03-07 21:14:52,706 [Worker-12: Building] WARN  o.e.m.c.i.embedder.EclipseLogger - Using platform encoding (Cp1252 actually) to copy filtered resources, i.e. build is platform dependent!
2021-03-07 21:14:52,721 [Worker-12: Building] INFO  o.e.m.c.i.embedder.EclipseLogger - Copying 0 resource
2021-03-07 21:14:52,723 [Worker-12: Building] WARN  o.e.m.c.i.embedder.EclipseLogger - Using platform encoding (Cp1252 actually) to copy filtered resources, i.e. build is platform dependent!
2021-03-07 21:14:52,736 [Worker-12: Building] INFO  o.e.m.c.i.embedder.EclipseLogger - Copying 0 resource
2021-03-07 21:16:16,857 [Worker-16: Building] WARN  o.e.m.c.i.embedder.EclipseLogger - Using platform encoding (Cp1252 actually) to copy filtered resources, i.e. build is platform dependent!
2021-03-07 21:16:16,867 [Worker-16: Building] INFO  o.e.m.c.i.embedder.EclipseLogger - Copying 0 resource
2021-03-07 21:16:16,869 [Worker-16: Building] WARN  o.e.m.c.i.embedder.EclipseLogger - Using platform encoding (Cp1252 actually) to copy filtered resources, i.e. build is platform dependent!
2021-03-07 21:16:16,878 [Worker-16: Building] INFO  o.e.m.c.i.embedder.EclipseLogger - Copying 0 resource
2021-03-07 21:26:20,060 [Worker-19: Building] WARN  o.e.m.c.i.embedder.EclipseLogger - Using platform encoding (Cp1252 actually) to copy filtered resources, i.e. build is platform dependent!
2021-03-07 21:26:20,075 [Worker-19: Building] INFO  o.e.m.c.i.embedder.EclipseLogger - Copying 0 resource
2021-03-07 21:26:20,077 [Worker-19: Building] WARN  o.e.m.c.i.embedder.EclipseLogger - Using platform encoding (Cp1252 actually) to copy filtered resources, i.e. build is platform dependent!
2021-03-07 21:26:20,094 [Worker-19: Building] INFO  o.e.m.c.i.embedder.EclipseLogger - Copying 0 resource
2021-03-07 21:27:19,679 [Worker-12: Building] WARN  o.e.m.c.i.embedder.EclipseLogger - Using platform encoding (Cp1252 actually) to copy filtered resources, i.e. build is platform dependent!
2021-03-07 21:27:19,691 [Worker-12: Building] INFO  o.e.m.c.i.embedder.EclipseLogger - Copying 0 resource
2021-03-07 21:27:19,693 [Worker-12: Building] WARN  o.e.m.c.i.embedder.EclipseLogger - Using platform encoding (Cp1252 actually) to copy filtered resources, i.e. build is platform dependent!
2021-03-07 21:27:19,705 [Worker-12: Building] INFO  o.e.m.c.i.embedder.EclipseLogger - Copying 0 resource
